1,WRITE,1,Test.java:50:8,1
1,WRITE,2,Test.java:51:19,2
1,SIGNAL,5060,nil
2,WAIT,5060,nil
2,READ,2,Test.java:54:0,3
2,LOCK,0,nil,1
2,READ,3,Test.java:55:6,4
2,WRITE,3,Test.java:55:11,5
2,UNLOCK,0,nil,0
2,READ,1,Test.java:58:24,6
2,LOCK,1,nil,2
2,READ,4,Test.java:59:30,7
2,WRITE,4,Test.java:59:35,8
2,UNLOCK,1,nil,0
2,READ,2,Test.java:54:0,9
2,LOCK,0,nil,3
2,READ,3,Test.java:55:6,10
2,WRITE,3,Test.java:55:11,11
2,UNLOCK,0,nil,0
2,READ,1,Test.java:58:24,12
2,LOCK,1,nil,4
2,READ,4,Test.java:59:30,13
2,WRITE,4,Test.java:59:35,14
2,UNLOCK,1,nil,0
1,SIGNAL,385626,nil
3,WAIT,385626,nil
3,READ,2,Test.java:54:0,15
3,LOCK,0,nil,5
3,READ,3,Test.java:55:6,16
3,WRITE,3,Test.java:55:11,17
3,UNLOCK,0,nil,0
3,READ,1,Test.java:58:24,18
3,LOCK,1,nil,6
3,READ,4,Test.java:59:30,19
3,WRITE,4,Test.java:59:35,20
3,UNLOCK,1,nil,0
3,READ,2,Test.java:54:0,21
3,LOCK,0,nil,7
3,READ,3,Test.java:55:6,22
3,WRITE,3,Test.java:55:11,23
3,UNLOCK,0,nil,0
3,READ,1,Test.java:58:24,24
3,LOCK,1,nil,8
3,READ,4,Test.java:59:30,25
3,WRITE,4,Test.java:59:35,26
3,UNLOCK,1,nil,0
1,SIGNAL,431284,nil
4,WAIT,431284,nil
1,SIGNALJOIN,522580,nil
2,WAITJOIN,522580,nil
1,SIGNALJOIN,345280,nil
3,WAITJOIN,345280,nil
4,READ,2,Test.java:54:0,27
4,LOCK,0,nil,9
4,READ,3,Test.java:55:6,28
4,WRITE,3,Test.java:55:11,29
4,UNLOCK,0,nil,0
4,READ,1,Test.java:58:24,30
4,LOCK,1,nil,10
4,READ,4,Test.java:59:30,31
4,WRITE,4,Test.java:59:35,32
4,UNLOCK,1,nil,0
4,READ,2,Test.java:54:0,33
4,LOCK,0,nil,11
4,READ,3,Test.java:55:6,34
4,WRITE,3,Test.java:55:11,35
4,UNLOCK,0,nil,0
4,READ,1,Test.java:58:24,36
4,LOCK,1,nil,12
4,READ,4,Test.java:59:30,37
4,WRITE,4,Test.java:59:35,38
4,UNLOCK,1,nil,0
1,SIGNALJOIN,627874,nil
4,WAITJOIN,627874,nil
1,READ,3,Test.java:81:63,39
