1,WR,1,Critical.java:39:6,1
1,WR,2,Critical.java:40:11,2
1,WR,3,Critical.java:39:6,3
1,WR,4,Critical.java:40:11,4
1,SIG,974106,nil,974106
2,WT,974106,nil,974106
1,SIG,635137,nil,635137
3,WT,635137,nil,635137
2,RD,2,Critical.java:46:1,5
2,RD,1,Critical.java:49:8,6
2,WR,5,Critical.java:49:12,7
3,RD,4,Critical.java:46:1,8
3,RD,4,Critical.java:58:101,9
3,RD,3,Critical.java:60:109,10
3,WR,5,Critical.java:60:113,11
2,RD,2,Critical.java:50:31,12
2,RD,1,Critical.java:51:44,13
2,RD,5,Critical.java:51:47,14
2,RD,2,Critical.java:53:77,15
2,RD,1,Critical.java:54:90,16
2,WR,5,Critical.java:54:94,17
1,WT,920099,nil,920099
2,SIG,920099,nil,920099
3,RD,4,Critical.java:61:132,18
3,RD,3,Critical.java:62:145,19
3,RD,4,Critical.java:63:174,20
3,RD,3,Critical.java:64:187,21
1,WT,348894,nil,348894
3,SIG,348894,nil,348894
