BoundedBuffer.java:377:10,57
Buffer.java:92:64,95
BoundedBuffer.java:91:184,42
BoundedBuffer.java:93:231,47
Buffer.java:35:31,19
BoundedBuffer.java:119:76,78
BoundedBuffer.java:119:72,75
BoundedBuffer.java:151:14,24
BoundedBuffer.java:30:24,6
Buffer.java:128:51,79
BoundedBuffer.java:85:106,34
Buffer.java:149:32,87
Buffer.java:144:9,84
Buffer.java:149:25,85
BoundedBuffer.java:114:56,58
Buffer.java:144:5,83
Buffer.java:149:29,86
BoundedBuffer.java:114:52,56
Buffer.java:152:39,90
BoundedBuffer.java:93:227,46
BoundedBuffer.java:109:28,51
BoundedBuffer.java:381:65,102
BoundedBuffer.java:48:65,22
Buffer.java:35:28,18
Buffer.java:82:16,66
BoundedBuffer.java:381:60,101
BoundedBuffer.java:16:0,27
BoundedBuffer.java:395:12,74
Buffer.java:82:12,65
BoundedBuffer.java:395:16,76
BoundedBuffer.java:82:82,30
Buffer.java:119:5,60
Buffer.java:16:1,13
BoundedBuffer.java:82:88,31
BoundedBuffer.java:88:156,39
Buffer.java:85:37,68
BoundedBuffer.java:38:43,10
Buffer.java:150:35,89
BoundedBuffer.java:179:161,26
BoundedBuffer.java:377:21,59
BoundedBuffer.java:36:37,9
BoundedBuffer.java:20:2,1
Buffer.java:20:6,14
BoundedBuffer.java:44:55,12
Buffer.java:119:11,61
BoundedBuffer.java:28:19,5
Buffer.java:119:16,62
BoundedBuffer.java:372:11,37
BoundedBuffer.java:70:36,28
BoundedBuffer.java:88:160,40
BoundedBuffer.java:90:177,41
BoundedBuffer.java:181:169,48
Buffer.java:127:49,77
BoundedBuffer.java:286:5,91
BoundedBuffer.java:118:65,73
BoundedBuffer.java:108:20,88
BoundedBuffer.java:400:38,104
Buffer.java:130:56,80
Buffer.java:36:42,21
BoundedBuffer.java:150:9,23
BoundedBuffer.java:181:173,49
BoundedBuffer.java:400:33,103
Buffer.java:127:41,70
BoundedBuffer.java:22:6,2
BoundedBuffer.java:111:35,52
Buffer.java:25:21,17
Buffer.java:127:45,72
BoundedBuffer.java:111:39,53
Buffer.java:23:16,16
BoundedBuffer.java:34:34,8
BoundedBuffer.java:113:45,55
BoundedBuffer.java:163:26,25
Buffer.java:104:0,92
BoundedBuffer.java:108:12,50
BoundedBuffer.java:87:154,38
Buffer.java:130:66,82
BoundedBuffer.java:42:51,11
Buffer.java:130:62,81
BoundedBuffer.java:26:14,4
BoundedBuffer.java:372:6,36
Buffer.java:36:36,20
BoundedBuffer.java:376:3,54
Buffer.java:83:29,67
BoundedBuffer.java:86:113,35
Buffer.java:23:11,15
Buffer.java:85:41,69
BoundedBuffer.java:92:225,45
BoundedBuffer.java:83:93,32
Buffer.java:79:5,64
BoundedBuffer.java:390:6,43
BoundedBuffer.java:83:99,33
Buffer.java:156:61,98
BoundedBuffer.java:390:11,44
BoundedBuffer.java:32:29,7
Buffer.java:88:51,93
Buffer.java:156:57,97
BoundedBuffer.java:291:23,100
BoundedBuffer.java:24:10,3
BoundedBuffer.java:394:3,71
Buffer.java:156:51,96
BoundedBuffer.java:288:14,99
Buffer.java:88:55,94
Buffer.java:123:30,63
BoundedBuffer.java:71:43,29
