BubbleSortImpl.java:54:85,41
BubbleSort.java:16:134,24
BubbleSort.java:16:34,7
BubbleSortImpl.java:73:0,42
BubbleSortImpl.java:99:36,69
BubbleSort.java:16:86,16
BubbleSort.java:16:40,8
BubbleSort.java:61:109,32
BubbleSortImpl.java:43:25,40
BubbleSort.java:16:80,15
BubbleSort.java:61:104,31
OneBubble.java:51:44,56
BubbleSort.java:20:151,28
OneBubble.java:63:25,62
OneBubble.java:63:26,63
BubbleSort.java:16:46,9
OneBubble.java:64:35,65
BubbleSort.java:80:190,73
BubbleSort.java:16:104,19
OneBubble.java:49:23,52
OneBubble.java:62:11,59
BubbleSort.java:16:52,10
BubbleSortImpl.java:39:12,38
BubbleSort.java:16:92,17
BubbleSort.java:16:140,25
BubbleSort.java:16:141,26
BubbleSort.java:16:7,1
BubbleSort.java:60:87,30
BubbleSortImpl.java:22:7,33
BubbleSort.java:67:163,36
BubbleSort.java:56:79,29
BubbleSortImpl.java:77:25,46
OneBubble.java:30:16,49
BubbleSortImpl.java:99:51,71
OneBubble.java:63:19,61
OneBubble.java:64:28,64
BubbleSort.java:16:16,3
OneBubble.java:63:14,60
BubbleSort.java:16:57,11
BubbleSortImpl.java:40:17,39
BubbleSort.java:16:11,2
BubbleSort.java:16:98,18
BubbleSort.java:16:116,21
BubbleSortImpl.java:77:21,45
BubbleSort.java:16:20,4
BubbleSort.java:16:62,12
BubbleSort.java:16:110,20
OneBubble.java:39:1,51
BubbleSort.java:67:150,34
OneBubble.java:30:20,50
BubbleSort.java:67:157,35
BubbleSortImpl.java:86:0,66
OneBubble.java:62:7,58
BubbleSortImpl.java:21:6,37
BubbleSort.java:16:28,6
BubbleSortImpl.java:97:29,68
BubbleSort.java:16:122,22
BubbleSort.java:16:24,5
BubbleSort.java:16:68,13
BubbleSort.java:16:128,23
BubbleSortImpl.java:75:10,43
BubbleSortImpl.java:99:47,70
OneBubble.java:19:7,44
OneBubble.java:29:11,48
BubbleSort.java:16:74,14
BubbleSort.java:19:146,27
OneBubble.java:28:6,47
BubbleSortImpl.java:104:73,72
OneBubble.java:51:38,55
OneBubble.java:51:36,54
OneBubble.java:60:0,57
BubbleSortImpl.java:88:7,67
OneBubble.java:51:32,53
