1,WR,1,1,1
1,WR,2,2,2
1,WR,3,3,3
1,WR,4,4,4
1,WR,5,5,5
1,WR,6,6,6
1,WR,7,7,7
1,WR,8,8,8
1,WR,9,9,9
1,WR,10,10,10
1,WR,11,11,11
1,WR,12,12,12
1,WR,13,13,13
1,WR,14,14,14
1,WR,15,15,15
1,WR,16,16,16
1,WR,17,17,17
1,WR,18,18,18
1,WR,19,19,19
1,WR,20,20,20
1,WR,21,21,21
1,WR,22,22,22
1,WR,23,23,23
1,WR,24,24,24
1,WR,25,25,25
1,WR,26,26,26
1,WR,27,27,27
1,WR,28,28,28
1,WR,29,29,29
1,RD,26,30,30
1,RD,26,31,31
1,RD,1,32,32
1,RD,26,30,33
1,RD,26,31,34
1,RD,2,32,35
1,RD,26,30,36
1,RD,26,31,37
1,RD,3,32,38
1,RD,26,30,39
1,RD,26,31,40
1,RD,4,32,41
1,RD,26,30,42
1,RD,26,31,43
1,RD,5,32,44
1,RD,26,30,45
1,RD,26,31,46
1,RD,6,32,47
1,RD,26,30,48
1,RD,26,31,49
1,RD,7,32,50
1,RD,26,30,51
1,RD,26,31,52
1,RD,8,32,53
1,RD,26,30,54
1,RD,26,31,55
1,RD,9,32,56
1,RD,26,30,57
1,RD,26,31,58
1,RD,10,32,59
1,RD,26,30,60
1,RD,26,31,61
1,RD,11,32,62
1,RD,26,30,63
1,RD,26,31,64
1,RD,12,32,65
1,RD,26,30,66
1,RD,26,31,67
1,RD,13,32,68
1,RD,26,30,69
1,RD,26,31,70
1,RD,14,32,71
1,RD,26,30,72
1,RD,26,31,73
1,RD,15,32,74
1,RD,26,30,75
1,RD,26,31,76
1,RD,16,32,77
1,RD,26,30,78
1,RD,26,31,79
1,RD,17,32,80
1,RD,26,30,81
1,RD,26,31,82
1,RD,18,32,83
1,RD,26,30,84
1,RD,26,31,85
1,RD,19,32,86
1,RD,26,30,87
1,RD,26,31,88
1,RD,20,32,89
1,RD,26,30,90
1,RD,26,31,91
1,RD,21,32,92
1,RD,26,30,93
1,RD,26,31,94
1,RD,22,32,95
1,RD,26,30,96
1,RD,26,31,97
1,RD,23,32,98
1,RD,26,30,99
1,RD,26,31,100
1,RD,24,32,101
1,RD,26,30,102
1,RD,26,31,103
1,RD,25,32,104
1,RD,26,30,105
1,WR,30,33,106
1,RD,26,34,107
1,RD,27,35,108
1,RD,29,36,109
1,WR,31,37,110
1,WR,32,38,111
1,WR,33,39,112
1,WR,34,40,113
1,WR,35,41,114
1,RD,30,42,115
1,LK,1,nil,1
1,LK,1,nil,1
1,RD,32,43,116
1,WR,36,44,117
1,RD,33,45,118
1,RD,31,46,119
1,WR,37,47,120
1,WR,38,48,121
1,RD,38,49,122
1,WR,39,50,123
1,SIG,674842,nil,674842
2,WT,674842,nil,674842
2,RD,37,51,124
2,RD,39,52,125
1,RD,32,43,126
2,RD,38,53,127
1,RD,33,45,128
2,RD,1,54,129
2,RD,38,55,130
1,RD,31,46,131
1,WR,40,47,132
2,RD,2,56,133
2,RD,39,52,134
2,RD,38,53,135
2,RD,2,54,136
2,RD,38,55,137
2,RD,3,56,138
2,RD,39,52,139
2,RD,38,53,140
2,RD,3,54,141
2,RD,38,55,142
2,RD,4,56,143
2,RD,36,57,144
1,WR,41,48,145
1,RD,41,49,146
2,LK,2,nil,2
2,LK,2,nil,2
1,WR,42,50,147
2,RD,38,58,148
2,RD,3,59,149
1,SIG,77694,nil,77694
3,WT,77694,nil,77694
2,RD,38,60,150
2,RD,38,61,151
2,RD,4,62,152
2,WR,3,63,153
2,RD,38,64,154
2,WR,4,65,155
2,UK,2,nil,0
2,UK,2,nil,0
2,RD,39,52,156
2,RD,38,53,157
2,RD,4,54,158
2,RD,38,55,159
2,RD,5,56,160
2,RD,36,57,161
2,LK,2,nil,3
2,LK,2,nil,3
2,RD,38,58,162
1,RD,32,43,163
2,RD,4,59,164
2,RD,38,60,165
2,RD,38,61,166
2,RD,5,62,167
2,WR,4,63,168
1,RD,33,45,169
1,RD,31,46,170
1,WR,43,47,171
1,WR,44,48,172
1,RD,44,49,173
1,WR,45,50,174
2,RD,38,64,175
2,WR,5,65,176
1,SIG,340500,nil,340500
4,WT,340500,nil,340500
2,UK,2,nil,0
2,UK,2,nil,0
2,RD,39,52,177
3,RD,40,51,178
2,RD,38,53,179
3,RD,42,52,180
2,RD,5,54,181
2,RD,38,55,182
3,RD,41,53,183
2,RD,6,56,184
3,RD,1,54,185
2,RD,36,57,186
3,RD,41,55,187
2,LK,2,nil,4
2,LK,2,nil,4
3,RD,2,56,188
2,RD,38,58,189
3,RD,42,52,190
2,RD,5,59,191
3,RD,41,53,192
2,RD,38,60,193
3,RD,2,54,194
3,RD,41,55,195
2,RD,38,61,196
3,RD,3,56,197
2,RD,6,62,198
2,WR,5,63,199
2,RD,38,64,200
2,WR,6,65,201
2,UK,2,nil,0
2,UK,2,nil,0
2,RD,39,52,202
2,RD,38,53,203
2,RD,6,54,204
2,RD,38,55,205
4,RD,43,51,206
1,RD,32,43,207
4,RD,45,52,208
4,RD,44,53,209
1,RD,33,45,210
1,RD,31,46,211
2,RD,7,56,212
1,WR,46,47,213
2,RD,36,57,214
2,LK,2,nil,5
2,LK,2,nil,5
1,WR,47,48,215
4,RD,1,54,216
1,RD,47,49,217
2,RD,38,58,218
1,WR,48,50,219
2,RD,6,59,220
2,RD,38,60,221
4,RD,44,55,222
2,RD,38,61,223
1,SIG,867282,nil,867282
5,WT,867282,nil,867282
2,RD,7,62,224
4,RD,2,56,225
4,RD,45,52,226
2,WR,6,63,227
4,RD,44,53,228
2,RD,38,64,229
4,RD,2,54,230
4,RD,44,55,231
4,RD,3,56,232
2,WR,7,65,233
2,UK,2,nil,0
2,UK,2,nil,0
2,RD,39,52,234
2,RD,38,53,235
2,RD,7,54,236
2,RD,38,55,237
2,RD,8,56,238
2,RD,36,57,239
2,LK,2,nil,6
2,LK,2,nil,6
2,RD,38,58,240
2,RD,7,59,241
2,RD,38,60,242
2,RD,38,61,243
2,RD,8,62,244
2,WR,7,63,245
2,RD,38,64,246
2,WR,8,65,247
2,UK,2,nil,0
2,UK,2,nil,0
2,RD,39,52,248
2,RD,38,53,249
2,RD,8,54,250
2,RD,38,55,251
5,RD,46,51,252
2,RD,9,56,253
5,RD,48,52,254
2,RD,39,52,255
5,RD,47,53,256
5,RD,1,54,257
5,RD,47,55,258
2,RD,38,53,259
5,RD,2,56,260
2,RD,9,54,261
5,RD,48,52,262
5,RD,47,53,263
2,RD,38,55,264
5,RD,2,54,265
5,RD,47,55,266
2,RD,10,56,267
5,RD,3,56,268
2,RD,36,57,269
2,LK,2,nil,7
2,LK,2,nil,7
2,RD,38,58,270
2,RD,9,59,271
2,RD,38,60,272
2,RD,38,61,273
2,RD,10,62,274
2,WR,9,63,275
2,RD,38,64,276
2,WR,10,65,277
2,UK,2,nil,0
2,UK,2,nil,0
2,RD,39,52,278
2,RD,38,53,279
2,RD,10,54,280
2,RD,38,55,281
2,RD,11,56,282
2,RD,36,57,283
2,LK,2,nil,8
2,LK,2,nil,8
2,RD,38,58,284
2,RD,10,59,285
2,RD,38,60,286
2,RD,38,61,287
2,RD,11,62,288
2,WR,10,63,289
2,RD,38,64,290
2,WR,11,65,291
2,UK,2,nil,0
2,UK,2,nil,0
2,RD,39,52,292
2,RD,38,53,293
2,RD,11,54,294
2,RD,38,55,295
2,RD,12,56,296
2,RD,36,57,297
2,LK,2,nil,9
2,LK,2,nil,9
2,RD,38,58,298
2,RD,11,59,299
2,RD,38,60,300
2,RD,38,61,301
2,RD,12,62,302
2,WR,11,63,303
2,RD,38,64,304
2,WR,12,65,305
2,UK,2,nil,0
2,UK,2,nil,0
1,RD,32,43,306
2,RD,39,52,307
1,RD,33,45,308
2,RD,38,53,309
1,RD,31,46,310
2,RD,12,54,311
2,RD,38,55,312
2,RD,13,56,313
2,RD,36,57,314
1,WR,49,47,315
2,LK,2,nil,10
2,LK,2,nil,10
1,WR,50,48,316
2,RD,38,58,317
1,RD,50,49,318
2,RD,12,59,319
2,RD,38,60,320
1,WR,51,50,321
2,RD,38,61,322
2,RD,13,62,323
1,SIG,470525,nil,470525
6,WT,470525,nil,470525
2,WR,12,63,324
2,RD,38,64,325
2,WR,13,65,326
2,UK,2,nil,0
2,UK,2,nil,0
2,RD,39,52,327
2,RD,38,53,328
2,RD,13,54,329
2,RD,38,55,330
2,RD,14,56,331
2,RD,36,57,332
2,LK,2,nil,11
2,LK,2,nil,11
2,RD,38,58,333
3,RD,36,57,334
2,RD,13,59,335
2,RD,38,60,336
2,RD,38,61,337
2,RD,14,62,338
2,WR,13,63,339
2,RD,38,64,340
2,WR,14,65,341
2,UK,2,nil,0
2,UK,2,nil,0
2,RD,39,52,342
3,LK,2,nil,12
3,LK,2,nil,12
2,RD,38,53,343
2,RD,14,54,344
3,RD,41,58,345
2,RD,38,55,346
3,RD,2,59,347
2,RD,15,56,348
3,RD,41,60,349
2,RD,36,57,350
5,RD,36,57,351
3,RD,41,61,352
4,RD,36,57,353
3,WR,2,63,354
6,RD,49,51,355
1,RD,32,43,356
6,RD,51,52,357
1,RD,33,45,358
6,RD,50,53,359
1,RD,31,46,360
6,RD,1,54,361
6,RD,50,55,362
6,RD,2,56,363
1,WR,52,47,364
6,RD,51,52,365
6,RD,50,53,366
6,RD,2,54,367
1,WR,53,48,368
6,RD,50,55,369
1,RD,53,49,370
6,RD,36,57,371
1,WR,54,50,372
1,SIG,954059,nil,954059
7,WT,954059,nil,954059
1,RD,32,43,373
7,RD,52,51,374
1,RD,33,45,375
7,RD,54,52,376
1,RD,31,46,377
7,RD,53,53,378
7,RD,1,54,379
1,WR,55,47,380
7,RD,53,55,381
7,RD,2,56,382
1,WR,56,48,383
7,RD,54,52,384
1,RD,56,49,385
7,RD,53,53,386
7,RD,2,54,387
1,WR,57,50,388
7,RD,53,55,389
1,SIG,588108,nil,588108
8,WT,588108,nil,588108
7,RD,36,57,390
8,RD,55,51,391
8,RD,57,52,392
8,RD,56,53,393
8,RD,1,54,394
8,RD,56,55,395
8,RD,2,56,396
8,RD,57,52,397
8,RD,56,53,398
8,RD,2,54,399
8,RD,56,55,400
8,RD,36,57,401
1,RD,32,43,402
1,RD,33,45,403
1,RD,31,46,404
1,WR,58,47,405
1,WR,59,48,406
1,RD,59,49,407
1,WR,60,50,408
1,SIG,10224,nil,10224
9,WT,10224,nil,10224
9,RD,58,51,409
1,RD,32,43,410
9,RD,60,52,411
1,RD,33,45,412
1,RD,31,46,413
9,RD,59,53,414
9,RD,1,54,415
1,WR,61,47,416
1,WR,62,48,417
9,RD,59,55,418
1,RD,62,49,419
1,WR,63,50,420
9,RD,2,56,421
9,RD,60,52,422
9,RD,59,53,423
9,RD,2,54,424
9,RD,59,55,425
9,RD,36,57,426
1,SIG,959804,nil,959804
10,WT,959804,nil,959804
10,RD,61,51,427
1,RD,32,43,428
10,RD,63,52,429
10,RD,62,53,430
1,RD,33,45,431
10,RD,1,54,432
10,RD,62,55,433
1,RD,31,46,434
10,RD,2,56,435
10,RD,63,52,436
10,RD,62,53,437
10,RD,2,54,438
10,RD,62,55,439
10,RD,36,57,440
1,WR,64,47,441
1,WR,65,48,442
3,RD,41,64,443
3,UK,2,nil,0
3,UK,2,nil,0
3,RD,42,52,444
3,RD,41,53,445
10,LK,2,nil,13
10,LK,2,nil,13
3,RD,41,55,446
3,RD,4,56,447
10,RD,62,58,448
3,RD,36,57,449
10,RD,62,60,450
10,RD,62,61,451
10,RD,62,64,452
10,UK,2,nil,0
10,UK,2,nil,0
10,RD,63,52,453
10,RD,62,53,454
9,LK,2,nil,14
9,LK,2,nil,14
10,RD,62,55,455
10,RD,4,56,456
10,RD,36,57,457
9,RD,59,58,458
1,RD,65,49,459
9,RD,59,60,460
9,RD,59,61,461
1,WR,66,50,462
9,RD,59,64,463
9,UK,2,nil,0
9,UK,2,nil,0
9,RD,60,52,464
1,SIG,295079,nil,295079
11,WT,295079,nil,295079
8,LK,2,nil,15
8,LK,2,nil,15
9,RD,59,53,465
9,RD,59,55,466
9,RD,4,56,467
8,RD,56,58,468
9,RD,36,57,469
8,RD,56,60,470
8,RD,56,61,471
8,RD,56,64,472
8,UK,2,nil,0
8,UK,2,nil,0
7,LK,2,nil,16
7,LK,2,nil,16
7,RD,53,58,473
7,RD,53,60,474
7,RD,53,61,475
7,RD,53,64,476
7,UK,2,nil,0
7,UK,2,nil,0
7,RD,54,52,477
7,RD,53,53,478
6,LK,2,nil,17
6,LK,2,nil,17
7,RD,53,55,479
7,RD,4,56,480
6,RD,50,58,481
7,RD,36,57,482
6,RD,50,60,483
6,RD,50,61,484
6,RD,50,64,485
6,UK,2,nil,0
6,UK,2,nil,0
8,RD,57,52,486
8,RD,56,53,487
8,RD,56,55,488
8,RD,4,56,489
4,LK,2,nil,18
4,LK,2,nil,18
6,RD,51,52,490
8,RD,36,57,491
6,RD,50,53,492
4,RD,44,58,493
6,RD,50,55,494
6,RD,4,56,495
4,RD,44,60,496
6,RD,36,57,497
4,RD,44,61,498
1,RD,32,43,499
4,RD,44,64,500
4,UK,2,nil,0
4,UK,2,nil,0
1,RD,33,45,501
2,LK,2,nil,19
2,LK,2,nil,19
1,RD,31,46,502
2,RD,38,58,503
2,RD,14,59,504
1,WR,67,47,505
2,RD,38,60,506
1,WR,68,48,507
2,RD,38,61,508
1,RD,68,49,509
2,RD,15,62,510
4,RD,45,52,511
1,WR,69,50,512
2,WR,14,63,513
2,RD,38,64,514
4,RD,44,53,515
2,WR,15,65,516
2,UK,2,nil,0
2,UK,2,nil,0
4,RD,44,55,517
4,RD,4,56,518
4,RD,36,57,519
4,LK,2,nil,20
4,LK,2,nil,20
1,SIG,482350,nil,482350
12,WT,482350,nil,482350
2,RD,39,52,520
4,RD,44,58,521
11,RD,64,51,522
4,RD,44,60,523
2,RD,38,53,524
4,RD,44,61,525
11,RD,66,52,526
4,RD,4,62,527
11,RD,65,53,528
2,RD,15,54,529
4,RD,44,64,530
2,RD,38,55,531
11,RD,1,54,532
4,WR,4,65,533
2,RD,16,56,534
2,RD,39,52,535
2,RD,38,53,536
11,RD,65,55,537
2,RD,16,54,538
2,RD,38,55,539
11,RD,36,57,540
2,RD,17,56,541
2,RD,36,57,542
1,RD,32,43,543
1,RD,33,45,544
12,RD,67,51,545
1,RD,31,46,546
12,RD,69,52,547
1,WR,70,47,548
12,RD,68,53,549
1,WR,71,48,550
1,RD,71,49,551
12,RD,1,54,552
1,WR,72,50,553
12,RD,68,55,554
12,RD,36,57,555
1,SIG,815756,nil,815756
13,WT,815756,nil,815756
4,UK,2,nil,0
4,UK,2,nil,0
4,RD,45,52,556
4,RD,44,53,557
4,RD,44,55,558
5,LK,2,nil,21
5,LK,2,nil,21
4,RD,5,56,559
4,RD,36,57,560
5,RD,47,58,561
5,RD,47,60,562
5,RD,47,61,563
5,RD,47,64,564
5,UK,2,nil,0
5,UK,2,nil,0
5,RD,48,52,565
5,RD,47,53,566
4,LK,2,nil,22
4,LK,2,nil,22
4,RD,44,58,567
4,RD,44,60,568
5,RD,47,55,569
4,RD,44,61,570
5,RD,48,52,571
4,RD,5,62,572
4,RD,44,64,573
5,RD,47,53,574
4,WR,5,65,575
4,UK,2,nil,0
4,UK,2,nil,0
5,RD,47,55,576
5,RD,5,56,577
4,RD,45,52,578
4,RD,44,53,579
5,RD,48,52,580
12,LK,2,nil,23
12,LK,2,nil,23
5,RD,47,53,581
4,RD,44,55,582
12,RD,68,58,583
4,RD,6,56,584
5,RD,47,55,585
12,RD,1,59,586
4,RD,36,57,587
5,RD,6,56,588
12,RD,68,60,589
5,RD,36,57,590
12,RD,68,61,591
13,RD,70,51,592
12,WR,1,63,593
13,RD,72,52,594
13,RD,71,53,595
1,RD,32,43,596
12,RD,68,64,597
12,UK,2,nil,0
12,UK,2,nil,0
1,RD,33,45,598
13,RD,1,54,599
1,RD,31,46,600
12,RD,69,52,601
12,RD,68,53,602
11,LK,2,nil,24
11,LK,2,nil,24
12,RD,68,55,603
12,RD,36,57,604
1,WR,73,47,605
11,RD,65,58,606
1,WR,74,48,607
11,RD,65,60,608
1,RD,74,49,609
11,RD,65,61,610
1,WR,75,50,611
11,RD,65,64,612
11,UK,2,nil,0
11,UK,2,nil,0
1,SIG,606222,nil,606222
14,WT,606222,nil,606222
11,RD,66,52,613
11,RD,65,53,614
11,RD,65,55,615
2,LK,2,nil,25
2,LK,2,nil,25
11,RD,66,52,616
2,RD,38,58,617
2,RD,16,59,618
11,RD,65,53,619
2,RD,38,60,620
11,RD,65,55,621
2,RD,38,61,622
11,RD,66,52,623
2,RD,17,62,624
11,RD,65,53,625
2,WR,16,63,626
11,RD,65,55,627
2,RD,38,64,628
11,RD,66,52,629
2,WR,17,65,630
11,RD,65,53,631
2,UK,2,nil,0
2,UK,2,nil,0
11,RD,65,55,632
11,RD,6,56,633
11,RD,36,57,634
11,LK,2,nil,26
11,LK,2,nil,26
2,RD,39,52,635
11,RD,65,58,636
2,RD,38,53,637
11,RD,65,60,638
2,RD,17,54,639
11,RD,65,61,640
2,RD,38,55,641
11,RD,6,62,642
2,RD,18,56,643
11,RD,65,64,644
2,RD,36,57,645
11,WR,6,65,646
1,RD,32,43,647
1,RD,33,45,648
1,RD,31,46,649
1,WR,76,47,650
1,WR,77,48,651
1,RD,77,49,652
1,WR,78,50,653
14,RD,73,51,654
14,RD,75,52,655
14,RD,74,53,656
1,SIG,389613,nil,389613
15,WT,389613,nil,389613
14,RD,74,55,657
14,RD,36,57,658
1,RD,32,43,659
15,RD,76,51,660
1,RD,33,45,661
1,RD,31,46,662
15,RD,78,52,663
15,RD,77,53,664
1,WR,79,47,665
15,RD,77,55,666
15,RD,36,57,667
1,WR,80,48,668
1,RD,80,49,669
1,WR,81,50,670
13,RD,71,55,671
11,UK,2,nil,0
11,UK,2,nil,0
13,RD,36,57,672
11,RD,66,52,673
11,RD,65,53,674
11,RD,65,55,675
13,LK,2,nil,27
13,LK,2,nil,27
11,RD,7,56,676
11,RD,36,57,677
13,RD,71,58,678
13,RD,71,60,679
13,RD,71,61,680
13,RD,71,64,681
13,UK,2,nil,0
13,UK,2,nil,0
13,RD,72,52,682
13,RD,71,53,683
13,RD,71,55,684
13,RD,36,57,685
6,LK,2,nil,28
6,LK,2,nil,28
6,RD,50,58,686
6,RD,50,60,687
6,RD,50,61,688
6,RD,50,64,689
6,UK,2,nil,0
6,UK,2,nil,0
6,RD,51,52,690
6,RD,50,53,691
6,RD,50,55,692
8,LK,2,nil,29
8,LK,2,nil,29
6,RD,36,57,693
8,RD,56,58,694
8,RD,56,60,695
8,RD,56,61,696
8,RD,56,64,697
8,UK,2,nil,0
8,UK,2,nil,0
8,RD,57,52,698
6,LK,2,nil,30
6,LK,2,nil,30
8,RD,56,53,699
6,RD,50,58,700
8,RD,56,55,701
6,RD,50,60,702
8,RD,36,57,703
6,RD,50,61,704
6,RD,50,64,705
6,UK,2,nil,0
6,UK,2,nil,0
6,RD,51,52,706
8,LK,2,nil,31
8,LK,2,nil,31
6,RD,50,53,707
6,RD,50,55,708
8,RD,56,58,709
6,RD,51,52,710
8,RD,56,60,711
6,RD,50,53,712
8,RD,56,61,713
8,RD,56,64,714
8,UK,2,nil,0
8,UK,2,nil,0
6,RD,50,55,715
8,RD,57,52,716
6,RD,7,56,717
8,RD,56,53,718
6,RD,36,57,719
8,RD,56,55,720
6,LK,2,nil,32
6,LK,2,nil,32
8,RD,57,52,721
8,RD,56,53,722
6,RD,50,58,723
8,RD,56,55,724
8,RD,7,56,725
6,RD,50,60,726
8,RD,36,57,727
6,RD,50,61,728
6,RD,7,62,729
6,RD,50,64,730
6,WR,7,65,731
6,UK,2,nil,0
6,UK,2,nil,0
6,RD,51,52,732
6,RD,50,53,733
7,LK,2,nil,33
7,LK,2,nil,33
6,RD,50,55,734
6,RD,8,56,735
6,RD,51,52,736
6,RD,50,53,737
7,RD,53,58,738
6,RD,8,54,739
6,RD,50,55,740
7,RD,53,60,741
6,RD,9,56,742
7,RD,53,61,743
6,RD,51,52,744
7,RD,53,64,745
6,RD,50,53,746
7,UK,2,nil,0
7,UK,2,nil,0
6,RD,9,54,747
6,RD,50,55,748
6,RD,10,56,749
6,RD,36,57,750
6,LK,2,nil,34
6,LK,2,nil,34
6,RD,50,58,751
6,RD,9,59,752
6,RD,50,60,753
6,RD,50,61,754
7,RD,54,52,755
6,RD,10,62,756
6,WR,9,63,757
6,RD,50,64,758
7,RD,53,53,759
6,WR,10,65,760
7,RD,53,55,761
6,UK,2,nil,0
6,UK,2,nil,0
7,RD,36,57,762
7,LK,2,nil,35
7,LK,2,nil,35
7,RD,53,58,763
7,RD,53,60,764
7,RD,53,61,765
7,RD,53,64,766
7,UK,2,nil,0
7,UK,2,nil,0
7,RD,54,52,767
6,RD,51,52,768
7,RD,53,53,769
7,RD,53,55,770
9,LK,2,nil,36
9,LK,2,nil,36
6,RD,50,53,771
7,RD,36,57,772
6,RD,10,54,773
9,RD,59,58,774
9,RD,59,60,775
6,RD,50,55,776
9,RD,59,61,777
6,RD,11,56,778
9,RD,59,64,779
9,UK,2,nil,0
9,UK,2,nil,0
6,RD,36,57,780
9,RD,60,52,781
6,LK,2,nil,37
6,LK,2,nil,37
9,RD,59,53,782
9,RD,59,55,783
6,RD,50,58,784
9,RD,36,57,785
6,RD,10,59,786
6,RD,50,60,787
6,RD,50,61,788
6,RD,11,62,789
6,WR,10,63,790
6,RD,50,64,791
6,WR,11,65,792
6,UK,2,nil,0
6,UK,2,nil,0
6,RD,51,52,793
6,RD,50,53,794
10,LK,2,nil,38
10,LK,2,nil,38
6,RD,11,54,795
6,RD,50,55,796
10,RD,62,58,797
6,RD,12,56,798
10,RD,62,60,799
6,RD,36,57,800
10,RD,62,61,801
10,RD,62,64,802
10,UK,2,nil,0
10,UK,2,nil,0
10,RD,63,52,803
6,LK,2,nil,39
6,LK,2,nil,39
10,RD,62,53,804
10,RD,62,55,805
10,RD,63,52,806
6,RD,50,58,807
10,RD,62,53,808
6,RD,11,59,809
10,RD,62,55,810
6,RD,50,60,811
6,RD,50,61,812
10,RD,36,57,813
6,RD,12,62,814
6,WR,11,63,815
6,RD,50,64,816
6,WR,12,65,817
6,UK,2,nil,0
6,UK,2,nil,0
6,RD,51,52,818
6,RD,50,53,819
6,RD,12,54,820
6,RD,50,55,821
3,LK,2,nil,40
3,LK,2,nil,40
6,RD,13,56,822
6,RD,36,57,823
3,RD,41,58,824
3,RD,41,60,825
3,RD,41,61,826
3,RD,41,64,827
3,UK,2,nil,0
3,UK,2,nil,0
3,RD,42,52,828
3,RD,41,53,829
6,LK,2,nil,41
6,LK,2,nil,41
3,RD,41,55,830
6,RD,50,58,831
3,RD,36,57,832
6,RD,12,59,833
6,RD,50,60,834
6,RD,50,61,835
6,RD,13,62,836
6,WR,12,63,837
6,RD,50,64,838
6,WR,13,65,839
6,UK,2,nil,0
6,UK,2,nil,0
6,RD,51,52,840
6,RD,50,53,841
3,LK,2,nil,42
3,LK,2,nil,42
6,RD,13,54,842
6,RD,50,55,843
6,RD,14,56,844
3,RD,41,58,845
6,RD,36,57,846
3,RD,41,60,847
3,RD,41,61,848
3,RD,41,64,849
3,UK,2,nil,0
3,UK,2,nil,0
6,LK,2,nil,43
6,LK,2,nil,43
3,RD,42,52,850
3,RD,41,53,851
3,RD,41,55,852
6,RD,50,58,853
3,RD,36,57,854
6,RD,13,59,855
6,RD,50,60,856
6,RD,50,61,857
6,RD,14,62,858
6,WR,13,63,859
6,RD,50,64,860
6,WR,14,65,861
6,UK,2,nil,0
6,UK,2,nil,0
6,RD,51,52,862
6,RD,50,53,863
6,RD,14,54,864
10,LK,2,nil,44
10,LK,2,nil,44
6,RD,50,55,865
6,RD,15,56,866
6,RD,51,52,867
6,RD,50,53,868
10,RD,62,58,869
6,RD,15,54,870
10,RD,62,60,871
6,RD,50,55,872
10,RD,62,61,873
6,RD,16,56,874
10,RD,62,64,875
6,RD,51,52,876
6,RD,50,53,877
10,UK,2,nil,0
10,UK,2,nil,0
6,RD,16,54,878
6,RD,50,55,879
6,RD,17,56,880
6,RD,51,52,881
6,RD,50,53,882
6,RD,17,54,883
6,RD,50,55,884
6,RD,18,56,885
6,RD,36,57,886
10,RD,63,52,887
10,RD,62,53,888
10,RD,62,55,889
9,LK,2,nil,45
9,LK,2,nil,45
10,RD,63,52,890
10,RD,62,53,891
10,RD,62,55,892
9,RD,59,58,893
10,RD,8,56,894
9,RD,59,60,895
10,RD,63,52,896
9,RD,59,61,897
10,RD,62,53,898
9,RD,59,64,899
10,RD,8,54,900
10,RD,62,55,901
9,UK,2,nil,0
9,UK,2,nil,0
10,RD,9,56,902
10,RD,36,57,903
10,LK,2,nil,46
10,LK,2,nil,46
10,RD,62,58,904
9,RD,60,52,905
10,RD,8,59,906
9,RD,59,53,907
10,RD,62,60,908
9,RD,59,55,909
10,RD,62,61,910
9,RD,60,52,911
10,RD,9,62,912
9,RD,59,53,913
10,WR,8,63,914
9,RD,59,55,915
10,RD,62,64,916
9,RD,60,52,917
9,RD,59,53,918
10,WR,9,65,919
9,RD,59,55,920
10,UK,2,nil,0
10,UK,2,nil,0
9,RD,8,56,921
10,RD,63,52,922
9,RD,36,57,923
10,RD,62,53,924
7,LK,2,nil,47
7,LK,2,nil,47
10,RD,9,54,925
10,RD,62,55,926
10,RD,10,56,927
7,RD,53,58,928
10,RD,36,57,929
7,RD,53,60,930
7,RD,53,61,931
7,RD,53,64,932
7,UK,2,nil,0
7,UK,2,nil,0
7,RD,54,52,933
10,LK,2,nil,48
10,LK,2,nil,48
7,RD,53,53,934
7,RD,53,55,935
10,RD,62,58,936
7,RD,54,52,937
7,RD,53,53,938
10,RD,9,59,939
7,RD,53,55,940
10,RD,62,60,941
10,RD,62,61,942
7,RD,36,57,943
10,RD,10,62,944
10,WR,9,63,945
10,RD,62,64,946
10,WR,10,65,947
10,UK,2,nil,0
10,UK,2,nil,0
10,RD,63,52,948
10,RD,62,53,949
10,RD,10,54,950
10,RD,62,55,951
10,RD,11,56,952
10,RD,36,57,953
10,LK,2,nil,49
10,LK,2,nil,49
10,RD,62,58,954
10,RD,10,59,955
10,RD,62,60,956
10,RD,62,61,957
10,RD,11,62,958
10,WR,10,63,959
10,RD,62,64,960
10,WR,11,65,961
10,UK,2,nil,0
10,UK,2,nil,0
10,RD,63,52,962
10,RD,62,53,963
7,LK,2,nil,50
7,LK,2,nil,50
10,RD,11,54,964
10,RD,62,55,965
10,RD,12,56,966
7,RD,53,58,967
10,RD,36,57,968
7,RD,53,60,969
7,RD,53,61,970
7,RD,53,64,971
7,UK,2,nil,0
7,UK,2,nil,0
10,LK,2,nil,51
10,LK,2,nil,51
7,RD,54,52,972
7,RD,53,53,973
7,RD,53,55,974
10,RD,62,58,975
7,RD,9,56,976
10,RD,11,59,977
10,RD,62,60,978
7,RD,36,57,979
10,RD,62,61,980
10,RD,12,62,981
1,SIG,369575,nil,369575
16,WT,369575,nil,369575
10,WR,11,63,982
10,RD,62,64,983
10,WR,12,65,984
10,UK,2,nil,0
10,UK,2,nil,0
10,RD,63,52,985
10,RD,62,53,986
10,RD,12,54,987
10,RD,62,55,988
10,RD,13,56,989
10,RD,36,57,990
8,LK,2,nil,52
8,LK,2,nil,52
8,RD,56,58,991
8,RD,56,60,992
8,RD,56,61,993
8,RD,56,64,994
8,UK,2,nil,0
8,UK,2,nil,0
8,RD,57,52,995
8,RD,56,53,996
13,LK,2,nil,53
13,LK,2,nil,53
8,RD,56,55,997
8,RD,57,52,998
13,RD,71,58,999
8,RD,56,53,1000
13,RD,71,60,1001
8,RD,56,55,1002
13,RD,71,61,1003
8,RD,9,56,1004
13,RD,71,64,1005
13,UK,2,nil,0
13,UK,2,nil,0
8,RD,36,57,1006
13,RD,72,52,1007
8,LK,2,nil,54
8,LK,2,nil,54
13,RD,71,53,1008
13,RD,71,55,1009
8,RD,56,58,1010
13,RD,36,57,1011
8,RD,56,60,1012
8,RD,56,61,1013
8,RD,9,62,1014
8,RD,56,64,1015
8,WR,9,65,1016
8,UK,2,nil,0
8,UK,2,nil,0
8,RD,57,52,1017
8,RD,56,53,1018
8,RD,56,55,1019
11,LK,2,nil,55
11,LK,2,nil,55
8,RD,10,56,1020
8,RD,57,52,1021
8,RD,56,53,1022
8,RD,10,54,1023
8,RD,56,55,1024
8,RD,11,56,1025
11,RD,65,58,1026
11,RD,65,60,1027
11,RD,65,61,1028
8,RD,57,52,1029
11,RD,65,64,1030
8,RD,56,53,1031
11,UK,2,nil,0
11,UK,2,nil,0
8,RD,11,54,1032
8,RD,56,55,1033
8,RD,12,56,1034
8,RD,57,52,1035
11,RD,66,52,1036
8,RD,56,53,1037
16,RD,79,51,1038
11,RD,65,53,1039
8,RD,12,54,1040
16,RD,81,52,1041
11,RD,65,55,1042
8,RD,56,55,1043
16,RD,80,53,1044
15,LK,2,nil,56
15,LK,2,nil,56
8,RD,13,56,1045
11,RD,66,52,1046
16,RD,80,55,1047
11,RD,65,53,1048
8,RD,36,57,1049
16,RD,36,57,1050
15,RD,77,58,1051
11,RD,65,55,1052
15,RD,77,60,1053
11,RD,66,52,1054
15,RD,77,61,1055
11,RD,65,53,1056
11,RD,65,55,1057
15,RD,77,64,1058
11,RD,10,56,1059
11,RD,66,52,1060
15,UK,2,nil,0
15,UK,2,nil,0
11,RD,65,53,1061
1,RD,32,43,1062
11,RD,10,54,1063
11,RD,65,55,1064
11,RD,11,56,1065
1,RD,33,45,1066
11,RD,66,52,1067
1,RD,31,46,1068
11,RD,65,53,1069
11,RD,11,54,1070
11,RD,65,55,1071
11,RD,12,56,1072
15,RD,78,52,1073
11,RD,66,52,1074
14,LK,2,nil,57
14,LK,2,nil,57
15,RD,77,53,1075
11,RD,65,53,1076
11,RD,12,54,1077
14,RD,74,58,1078
15,RD,77,55,1079
11,RD,65,55,1080
14,RD,74,60,1081
11,RD,13,56,1082
14,RD,74,61,1083
1,WR,82,47,1084
11,RD,36,57,1085
15,RD,78,52,1086
14,RD,74,64,1087
15,RD,77,53,1088
14,UK,2,nil,0
14,UK,2,nil,0
15,RD,77,55,1089
1,WR,83,48,1090
15,RD,36,57,1091
1,RD,83,49,1092
15,LK,2,nil,58
15,LK,2,nil,58
14,RD,75,52,1093
1,WR,84,50,1094
14,RD,74,53,1095
14,RD,74,55,1096
15,RD,77,58,1097
14,RD,75,52,1098
14,RD,74,53,1099
14,RD,74,55,1100
15,RD,77,60,1101
14,RD,36,57,1102
15,RD,77,61,1103
15,RD,77,64,1104
15,UK,2,nil,0
15,UK,2,nil,0
1,SIG,790466,nil,790466
17,WT,790466,nil,790466
15,RD,78,52,1105
15,RD,77,53,1106
2,LK,2,nil,59
2,LK,2,nil,59
15,RD,77,55,1107
2,RD,38,58,1108
15,RD,78,52,1109
2,RD,17,59,1110
15,RD,77,53,1111
2,RD,38,60,1112
2,RD,38,61,1113
15,RD,77,55,1114
2,RD,18,62,1115
2,WR,17,63,1116
15,RD,36,57,1117
2,RD,38,64,1118
2,WR,18,65,1119
2,UK,2,nil,0
2,UK,2,nil,0
2,RD,39,52,1120
2,RD,38,53,1121
2,RD,38,55,1122
2,RD,19,56,1123
12,LK,2,nil,60
12,LK,2,nil,60
2,RD,36,57,1124
12,RD,68,58,1125
12,RD,68,60,1126
12,RD,68,61,1127
12,RD,68,64,1128
12,UK,2,nil,0
12,UK,2,nil,0
12,RD,69,52,1129
12,RD,68,53,1130
5,LK,2,nil,61
5,LK,2,nil,61
12,RD,68,55,1131
5,RD,47,58,1132
5,RD,47,60,1133
12,RD,69,52,1134
12,RD,68,53,1135
5,RD,47,61,1136
12,RD,68,55,1137
5,RD,47,64,1138
5,UK,2,nil,0
5,UK,2,nil,0
12,RD,36,57,1139
12,LK,2,nil,62
12,LK,2,nil,62
5,RD,48,52,1140
5,RD,47,53,1141
5,RD,47,55,1142
5,RD,36,57,1143
12,RD,68,58,1144
12,RD,68,60,1145
12,RD,68,61,1146
12,RD,68,64,1147
12,UK,2,nil,0
12,UK,2,nil,0
12,RD,69,52,1148
12,RD,68,53,1149
12,RD,68,55,1150
12,RD,69,52,1151
17,RD,82,51,1152
12,RD,68,53,1153
12,RD,68,55,1154
4,LK,2,nil,63
4,LK,2,nil,63
17,RD,84,52,1155
12,RD,36,57,1156
17,RD,83,53,1157
4,RD,44,58,1158
17,RD,83,55,1159
4,RD,44,60,1160
17,RD,36,57,1161
4,RD,44,61,1162
4,RD,44,64,1163
4,UK,2,nil,0
4,UK,2,nil,0
1,RD,32,43,1164
4,RD,45,52,1165
1,RD,33,45,1166
4,RD,44,53,1167
1,RD,31,46,1168
4,RD,44,55,1169
17,LK,2,nil,64
17,LK,2,nil,64
4,RD,36,57,1170
17,RD,83,58,1171
1,WR,85,47,1172
17,RD,83,60,1173
1,WR,86,48,1174
17,RD,83,61,1175
1,RD,86,49,1176
17,RD,83,64,1177
1,WR,87,50,1178
17,UK,2,nil,0
17,UK,2,nil,0
17,RD,84,52,1179
17,RD,83,53,1180
17,RD,83,55,1181
1,SIG,768678,nil,768678
18,WT,768678,nil,768678
12,LK,2,nil,65
12,LK,2,nil,65
17,RD,36,57,1182
12,RD,68,58,1183
12,RD,68,60,1184
12,RD,68,61,1185
12,RD,68,64,1186
12,UK,2,nil,0
12,UK,2,nil,0
12,RD,69,52,1187
12,RD,68,53,1188
5,LK,2,nil,66
5,LK,2,nil,66
12,RD,68,55,1189
12,RD,36,57,1190
5,RD,47,58,1191
5,RD,47,60,1192
5,RD,47,61,1193
5,RD,47,64,1194
5,UK,2,nil,0
5,UK,2,nil,0
12,LK,2,nil,67
12,LK,2,nil,67
5,RD,48,52,1195
5,RD,47,53,1196
5,RD,47,55,1197
5,RD,48,52,1198
5,RD,47,53,1199
12,RD,68,58,1200
5,RD,47,55,1201
12,RD,68,60,1202
5,RD,48,52,1203
12,RD,68,61,1204
5,RD,47,53,1205
5,RD,47,55,1206
12,RD,68,64,1207
12,UK,2,nil,0
12,UK,2,nil,0
5,RD,10,56,1208
5,RD,48,52,1209
5,RD,47,53,1210
12,RD,69,52,1211
2,LK,2,nil,68
2,LK,2,nil,68
12,RD,68,53,1212
12,RD,68,55,1213
2,RD,38,58,1214
12,RD,69,52,1215
12,RD,68,53,1216
12,RD,68,55,1217
2,RD,38,60,1218
2,RD,38,61,1219
5,RD,10,54,1220
2,RD,19,62,1221
5,RD,47,55,1222
2,RD,38,64,1223
2,WR,19,65,1224
5,RD,11,56,1225
2,UK,2,nil,0
2,UK,2,nil,0
5,RD,48,52,1226
5,RD,47,53,1227
5,RD,11,54,1228
2,RD,39,52,1229
5,RD,47,55,1230
2,RD,38,53,1231
2,RD,19,54,1232
2,RD,38,55,1233
2,RD,20,56,1234
2,RD,36,57,1235
5,RD,12,56,1236
1,RD,32,43,1237
5,RD,48,52,1238
5,RD,47,53,1239
5,RD,12,54,1240
5,RD,47,55,1241
12,RD,10,56,1242
1,RD,33,45,1243
5,RD,13,56,1244
1,RD,31,46,1245
12,RD,69,52,1246
12,RD,68,53,1247
12,RD,10,54,1248
12,RD,68,55,1249
5,RD,36,57,1250
15,LK,2,nil,69
15,LK,2,nil,69
1,WR,88,47,1251
12,RD,11,56,1252
15,RD,77,58,1253
1,WR,89,48,1254
12,RD,69,52,1255
15,RD,77,60,1256
1,RD,89,49,1257
12,RD,68,53,1258
15,RD,77,61,1259
12,RD,11,54,1260
12,RD,68,55,1261
15,RD,77,64,1262
1,WR,90,50,1263
12,RD,12,56,1264
15,UK,2,nil,0
15,UK,2,nil,0
12,RD,69,52,1265
12,RD,68,53,1266
12,RD,12,54,1267
12,RD,68,55,1268
18,RD,85,51,1269
12,RD,13,56,1270
18,RD,87,52,1271
12,RD,36,57,1272
18,RD,86,53,1273
1,SIG,706199,nil,706199
19,WT,706199,nil,706199
12,LK,2,nil,70
12,LK,2,nil,70
15,RD,78,52,1274
18,RD,86,55,1275
18,RD,87,52,1276
15,RD,77,53,1277
12,RD,68,58,1278
18,RD,86,53,1279
15,RD,77,55,1280
18,RD,86,55,1281
12,RD,12,59,1282
15,RD,36,57,1283
18,RD,36,57,1284
12,RD,68,60,1285
12,RD,68,61,1286
12,RD,13,62,1287
12,WR,12,63,1288
12,RD,68,64,1289
12,WR,13,65,1290
12,UK,2,nil,0
12,UK,2,nil,0
12,RD,69,52,1291
12,RD,68,53,1292
12,RD,68,55,1293
12,RD,14,56,1294
14,LK,2,nil,71
14,LK,2,nil,71
12,RD,69,52,1295
12,RD,68,53,1296
12,RD,14,54,1297
12,RD,68,55,1298
14,RD,74,58,1299
12,RD,15,56,1300
12,RD,69,52,1301
12,RD,68,53,1302
14,RD,74,60,1303
12,RD,15,54,1304
14,RD,74,61,1305
12,RD,68,55,1306
14,RD,74,64,1307
14,UK,2,nil,0
14,UK,2,nil,0
12,RD,16,56,1308
12,RD,69,52,1309
12,RD,68,53,1310
12,RD,16,54,1311
12,RD,68,55,1312
12,RD,36,57,1313
12,LK,2,nil,72
12,LK,2,nil,72
14,RD,75,52,1314
12,RD,68,58,1315
14,RD,74,53,1316
12,RD,16,59,1317
12,RD,68,60,1318
12,RD,68,61,1319
14,RD,74,55,1320
12,WR,16,63,1321
14,RD,75,52,1322
14,RD,74,53,1323
14,RD,74,55,1324
14,RD,75,52,1325
12,RD,68,64,1326
12,UK,2,nil,0
12,UK,2,nil,0
14,RD,74,53,1327
14,RD,74,55,1328
14,RD,36,57,1329
14,LK,2,nil,73
14,LK,2,nil,73
12,RD,69,52,1330
14,RD,74,58,1331
12,RD,68,53,1332
14,RD,74,60,1333
14,RD,74,61,1334
12,RD,68,55,1335
14,RD,74,64,1336
14,UK,2,nil,0
14,UK,2,nil,0
12,RD,36,57,1337
14,RD,75,52,1338
14,RD,74,53,1339
11,LK,2,nil,74
11,LK,2,nil,74
11,RD,65,58,1340
11,RD,65,60,1341
11,RD,65,61,1342
11,RD,65,64,1343
11,UK,2,nil,0
11,UK,2,nil,0
14,RD,74,55,1344
14,RD,36,57,1345
14,LK,2,nil,75
14,LK,2,nil,75
1,RD,32,43,1346
1,RD,33,45,1347
14,RD,74,58,1348
1,RD,31,46,1349
14,RD,74,60,1350
14,RD,74,61,1351
11,RD,66,52,1352
11,RD,65,53,1353
11,RD,65,55,1354
11,RD,14,56,1355
11,RD,66,52,1356
11,RD,65,53,1357
11,RD,14,54,1358
11,RD,65,55,1359
11,RD,15,56,1360
11,RD,66,52,1361
14,RD,74,64,1362
14,UK,2,nil,0
14,UK,2,nil,0
1,WR,91,47,1363
1,WR,92,48,1364
1,RD,92,49,1365
14,RD,75,52,1366
1,WR,93,50,1367
14,RD,74,53,1368
14,RD,74,55,1369
14,RD,75,52,1370
14,RD,74,53,1371
14,RD,74,55,1372
11,RD,65,53,1373
14,RD,10,56,1374
16,LK,2,nil,76
16,LK,2,nil,76
14,RD,75,52,1375
14,RD,74,53,1376
11,RD,15,54,1377
14,RD,10,54,1378
16,RD,80,58,1379
1,SIG,811853,nil,811853
20,WT,811853,nil,811853
11,RD,65,55,1380
16,RD,80,60,1381
11,RD,36,57,1382
19,RD,88,51,1383
16,RD,80,61,1384
19,RD,90,52,1385
16,RD,80,64,1386
16,UK,2,nil,0
16,UK,2,nil,0
14,RD,74,55,1387
19,RD,89,53,1388
14,RD,11,56,1389
14,RD,75,52,1390
14,RD,74,53,1391
19,RD,89,55,1392
14,RD,11,54,1393
16,RD,81,52,1394
19,RD,36,57,1395
14,RD,74,55,1396
16,RD,80,53,1397
19,LK,2,nil,77
19,LK,2,nil,77
14,RD,75,52,1398
16,RD,80,55,1399
19,RD,89,58,1400
14,RD,74,53,1401
19,RD,89,60,1402
14,RD,74,55,1403
16,RD,81,52,1404
19,RD,89,61,1405
16,RD,80,53,1406
19,RD,89,64,1407
14,RD,36,57,1408
19,UK,2,nil,0
19,UK,2,nil,0
16,RD,80,55,1409
19,RD,90,52,1410
19,RD,89,53,1411
16,RD,36,57,1412
14,LK,2,nil,78
14,LK,2,nil,78
19,RD,89,55,1413
19,RD,90,52,1414
19,RD,89,53,1415
19,RD,89,55,1416
19,RD,36,57,1417
14,RD,74,58,1418
14,RD,74,60,1419
14,RD,74,61,1420
14,RD,74,64,1421
14,UK,2,nil,0
14,UK,2,nil,0
14,RD,75,52,1422
14,RD,74,53,1423
14,RD,74,55,1424
14,RD,14,56,1425
14,RD,75,52,1426
14,RD,74,53,1427
14,RD,14,54,1428
14,RD,74,55,1429
14,RD,15,56,1430
14,RD,75,52,1431
14,RD,74,53,1432
14,RD,15,54,1433
14,RD,74,55,1434
8,LK,2,nil,79
8,LK,2,nil,79
14,RD,36,57,1435
20,RD,91,51,1436
20,RD,93,52,1437
8,RD,56,58,1438
20,RD,92,53,1439
8,RD,56,60,1440
8,RD,56,61,1441
20,RD,92,55,1442
8,RD,56,64,1443
20,RD,93,52,1444
20,RD,92,53,1445
8,UK,2,nil,0
8,UK,2,nil,0
20,RD,92,55,1446
20,RD,93,52,1447
8,RD,57,52,1448
20,RD,92,53,1449
13,LK,2,nil,80
13,LK,2,nil,80
20,RD,92,55,1450
8,RD,56,53,1451
8,RD,56,55,1452
20,RD,36,57,1453
13,RD,71,58,1454
8,RD,14,56,1455
13,RD,71,60,1456
13,RD,71,61,1457
8,RD,57,52,1458
13,RD,71,64,1459
8,RD,56,53,1460
13,UK,2,nil,0
13,UK,2,nil,0
8,RD,14,54,1461
8,RD,56,55,1462
8,RD,15,56,1463
13,RD,72,52,1464
1,RD,32,43,1465
8,RD,57,52,1466
13,RD,71,53,1467
1,RD,33,45,1468
8,RD,56,53,1469
13,RD,71,55,1470
8,RD,15,54,1471
10,LK,2,nil,81
10,LK,2,nil,81
13,RD,72,52,1472
8,RD,56,55,1473
13,RD,71,53,1474
1,RD,31,46,1475
13,RD,71,55,1476
8,RD,36,57,1477
13,RD,36,57,1478
1,WR,94,47,1479
10,RD,62,58,1480
1,WR,95,48,1481
1,RD,95,49,1482
1,WR,96,50,1483
10,RD,62,60,1484
10,RD,62,61,1485
10,RD,62,64,1486
10,UK,2,nil,0
10,UK,2,nil,0
1,SIG,770040,nil,770040
21,WT,770040,nil,770040
10,RD,63,52,1487
10,RD,62,53,1488
7,LK,2,nil,82
7,LK,2,nil,82
7,RD,53,58,1489
10,RD,62,55,1490
7,RD,53,60,1491
10,RD,14,56,1492
7,RD,53,61,1493
10,RD,63,52,1494
7,RD,53,64,1495
10,RD,62,53,1496
7,UK,2,nil,0
7,UK,2,nil,0
10,RD,14,54,1497
10,RD,62,55,1498
10,RD,15,56,1499
10,RD,63,52,1500
10,RD,62,53,1501
10,RD,15,54,1502
10,RD,62,55,1503
10,RD,36,57,1504
10,LK,2,nil,83
10,LK,2,nil,83
7,RD,54,52,1505
10,RD,62,58,1506
7,RD,53,53,1507
10,RD,15,59,1508
10,RD,62,60,1509
7,RD,53,55,1510
10,RD,62,61,1511
10,WR,15,63,1512
7,RD,10,56,1513
7,RD,54,52,1514
7,RD,53,53,1515
7,RD,10,54,1516
10,RD,62,64,1517
7,RD,53,55,1518
10,UK,2,nil,0
10,UK,2,nil,0
7,RD,11,56,1519
7,RD,54,52,1520
7,RD,53,53,1521
7,RD,11,54,1522
7,RD,53,55,1523
10,RD,63,52,1524
7,RD,36,57,1525
9,LK,2,nil,84
9,LK,2,nil,84
10,RD,62,53,1526
10,RD,62,55,1527
9,RD,59,58,1528
10,RD,63,52,1529
9,RD,59,60,1530
10,RD,62,53,1531
9,RD,59,61,1532
10,RD,62,55,1533
9,RD,59,64,1534
9,UK,2,nil,0
9,UK,2,nil,0
10,RD,36,57,1535
10,LK,2,nil,85
10,LK,2,nil,85
9,RD,60,52,1536
10,RD,62,58,1537
9,RD,59,53,1538
10,RD,62,60,1539
9,RD,59,55,1540
10,RD,62,61,1541
9,RD,60,52,1542
10,RD,62,64,1543
9,RD,59,53,1544
10,UK,2,nil,0
10,UK,2,nil,0
9,RD,59,55,1545
9,RD,10,56,1546
9,RD,60,52,1547
9,RD,59,53,1548
9,RD,10,54,1549
6,LK,2,nil,86
6,LK,2,nil,86
9,RD,59,55,1550
10,RD,63,52,1551
6,RD,50,58,1552
9,RD,11,56,1553
6,RD,50,60,1554
10,RD,62,53,1555
6,RD,50,61,1556
9,RD,60,52,1557
6,RD,50,64,1558
10,RD,62,55,1559
9,RD,59,53,1560
6,UK,2,nil,0
6,UK,2,nil,0
9,RD,11,54,1561
10,RD,19,56,1562
10,RD,63,52,1563
1,RD,32,43,1564
10,RD,62,53,1565
9,RD,59,55,1566
6,RD,51,52,1567
1,RD,33,45,1568
10,RD,19,54,1569
1,RD,31,46,1570
6,RD,50,53,1571
9,RD,36,57,1572
10,RD,62,55,1573
3,LK,2,nil,87
3,LK,2,nil,87
6,RD,50,55,1574
10,RD,20,56,1575
6,RD,19,56,1576
1,WR,97,47,1577
10,RD,36,57,1578
1,WR,98,48,1579
1,RD,98,49,1580
6,RD,51,52,1581
6,RD,50,53,1582
3,RD,41,58,1583
6,RD,19,54,1584
6,RD,50,55,1585
6,RD,20,56,1586
6,RD,36,57,1587
1,WR,99,50,1588
1,SIG,918819,nil,918819
22,WT,918819,nil,918819
3,RD,41,60,1589
3,RD,41,61,1590
3,RD,41,64,1591
21,RD,94,51,1592
3,UK,2,nil,0
3,UK,2,nil,0
21,RD,96,52,1593
3,RD,42,52,1594
3,RD,41,53,1595
21,RD,95,53,1596
3,RD,41,55,1597
6,LK,2,nil,88
6,LK,2,nil,88
3,RD,42,52,1598
21,RD,95,55,1599
3,RD,41,53,1600
6,RD,50,58,1601
3,RD,41,55,1602
21,RD,96,52,1603
21,RD,95,53,1604
21,RD,95,55,1605
3,RD,36,57,1606
21,RD,36,57,1607
6,RD,19,59,1608
6,RD,50,60,1609
6,RD,50,61,1610
6,RD,20,62,1611
6,WR,19,63,1612
6,RD,50,64,1613
6,WR,20,65,1614
6,UK,2,nil,0
6,UK,2,nil,0
6,RD,51,52,1615
6,RD,50,53,1616
6,RD,50,55,1617
10,LK,2,nil,89
10,LK,2,nil,89
6,RD,21,56,1618
6,RD,36,57,1619
10,RD,62,58,1620
10,RD,62,60,1621
10,RD,62,61,1622
10,RD,62,64,1623
10,UK,2,nil,0
10,UK,2,nil,0
6,LK,2,nil,90
6,LK,2,nil,90
10,RD,63,52,1624
10,RD,62,53,1625
6,RD,50,58,1626
10,RD,62,55,1627
6,RD,50,60,1628
10,RD,21,56,1629
6,RD,50,61,1630
10,RD,36,57,1631
6,RD,21,62,1632
6,RD,50,64,1633
6,WR,21,65,1634
6,UK,2,nil,0
6,UK,2,nil,0
6,RD,51,52,1635
6,RD,50,53,1636
6,RD,50,55,1637
9,LK,2,nil,91
9,LK,2,nil,91
6,RD,22,56,1638
6,RD,36,57,1639
9,RD,59,58,1640
9,RD,11,59,1641
9,RD,59,60,1642
9,RD,59,61,1643
9,WR,11,63,1644
9,RD,59,64,1645
9,UK,2,nil,0
9,UK,2,nil,0
9,RD,60,52,1646
9,RD,59,53,1647
9,RD,59,55,1648
7,LK,2,nil,92
7,LK,2,nil,92
9,RD,60,52,1649
9,RD,59,53,1650
9,RD,59,55,1651
9,RD,14,56,1652
7,RD,53,58,1653
9,RD,60,52,1654
7,RD,53,60,1655
9,RD,59,53,1656
7,RD,53,61,1657
9,RD,14,54,1658
7,RD,53,64,1659
9,RD,59,55,1660
7,UK,2,nil,0
7,UK,2,nil,0
9,RD,36,57,1661
7,RD,54,52,1662
9,LK,2,nil,93
9,LK,2,nil,93
7,RD,53,53,1663
7,RD,53,55,1664
9,RD,59,58,1665
7,RD,54,52,1666
9,RD,14,59,1667
7,RD,53,53,1668
9,RD,59,60,1669
7,RD,53,55,1670
9,RD,59,61,1671
9,WR,14,63,1672
7,RD,14,56,1673
7,RD,54,52,1674
7,RD,53,53,1675
7,RD,14,54,1676
7,RD,53,55,1677
9,RD,59,64,1678
7,RD,36,57,1679
9,UK,2,nil,0
9,UK,2,nil,0
7,LK,2,nil,94
7,LK,2,nil,94
9,RD,60,52,1680
9,RD,59,53,1681
7,RD,53,58,1682
9,RD,59,55,1683
7,RD,53,60,1684
9,RD,60,52,1685
7,RD,53,61,1686
9,RD,59,53,1687
7,RD,53,64,1688
9,RD,59,55,1689
7,UK,2,nil,0
7,UK,2,nil,0
9,RD,60,52,1690
9,RD,59,53,1691
9,RD,59,55,1692
9,RD,36,57,1693
9,LK,2,nil,95
9,LK,2,nil,95
9,RD,59,58,1694
7,RD,54,52,1695
9,RD,59,60,1696
7,RD,53,53,1697
9,RD,59,61,1698
7,RD,53,55,1699
9,RD,59,64,1700
7,RD,54,52,1701
9,UK,2,nil,0
9,UK,2,nil,0
7,RD,53,53,1702
7,RD,53,55,1703
1,RD,32,43,1704
7,RD,36,57,1705
1,RD,33,45,1706
1,RD,31,46,1707
22,RD,97,51,1708
1,WR,100,47,1709
1,WR,101,48,1710
1,RD,101,49,1711
22,RD,99,52,1712
1,WR,102,50,1713
22,RD,98,53,1714
22,RD,98,55,1715
22,RD,99,52,1716
22,RD,98,53,1717
13,LK,2,nil,96
13,LK,2,nil,96
22,RD,98,55,1718
13,RD,71,58,1719
1,SIG,18301,nil,18301
23,WT,18301,nil,18301
13,RD,71,60,1720
13,RD,71,61,1721
22,RD,36,57,1722
13,RD,71,64,1723
9,RD,60,52,1724
13,UK,2,nil,0
13,UK,2,nil,0
9,RD,59,53,1725
9,RD,59,55,1726
13,RD,72,52,1727
9,RD,60,52,1728
9,RD,59,53,1729
13,RD,71,53,1730
9,RD,59,55,1731
9,RD,36,57,1732
13,RD,71,55,1733
8,LK,2,nil,97
8,LK,2,nil,97
13,RD,72,52,1734
13,RD,71,53,1735
8,RD,56,58,1736
13,RD,71,55,1737
8,RD,56,60,1738
8,RD,56,61,1739
13,RD,36,57,1740
8,RD,56,64,1741
8,UK,2,nil,0
8,UK,2,nil,0
8,RD,57,52,1742
13,LK,2,nil,98
13,LK,2,nil,98
8,RD,56,53,1743
8,RD,56,55,1744
13,RD,71,58,1745
8,RD,57,52,1746
8,RD,56,53,1747
13,RD,71,60,1748
8,RD,56,55,1749
13,RD,71,61,1750
8,RD,57,52,1751
13,RD,71,64,1752
8,RD,56,53,1753
13,UK,2,nil,0
13,UK,2,nil,0
8,RD,56,55,1754
8,RD,57,52,1755
8,RD,56,53,1756
8,RD,56,55,1757
8,RD,36,57,1758
8,LK,2,nil,99
8,LK,2,nil,99
8,RD,56,58,1759
8,RD,56,60,1760
8,RD,56,61,1761
13,RD,72,52,1762
8,RD,56,64,1763
13,RD,71,53,1764
8,UK,2,nil,0
8,UK,2,nil,0
13,RD,71,55,1765
8,RD,57,52,1766
13,RD,36,57,1767
8,RD,56,53,1768
20,LK,2,nil,100
20,LK,2,nil,100
8,RD,56,55,1769
8,RD,36,57,1770
20,RD,92,58,1771
20,RD,92,60,1772
20,RD,92,61,1773
20,RD,92,64,1774
20,UK,2,nil,0
20,UK,2,nil,0
20,RD,93,52,1775
20,RD,92,53,1776
20,RD,92,55,1777
20,RD,93,52,1778
14,LK,2,nil,101
14,LK,2,nil,101
20,RD,92,53,1779
20,RD,92,55,1780
14,RD,74,58,1781
20,RD,36,57,1782
14,RD,74,60,1783
14,RD,74,61,1784
14,RD,74,64,1785
14,UK,2,nil,0
14,UK,2,nil,0
14,RD,75,52,1786
20,LK,2,nil,102
20,LK,2,nil,102
14,RD,74,53,1787
23,RD,100,51,1788
14,RD,74,55,1789
20,RD,92,58,1790
23,RD,102,52,1791
14,RD,36,57,1792
20,RD,92,60,1793
23,RD,101,53,1794
20,RD,92,61,1795
20,RD,92,64,1796
23,RD,101,55,1797
20,UK,2,nil,0
20,UK,2,nil,0
23,RD,102,52,1798
23,RD,101,53,1799
20,RD,93,52,1800
23,RD,101,55,1801
14,LK,2,nil,103
14,LK,2,nil,103
20,RD,92,53,1802
23,RD,102,52,1803
20,RD,92,55,1804
23,RD,101,53,1805
14,RD,74,58,1806
20,RD,36,57,1807
23,RD,101,55,1808
14,RD,74,60,1809
23,RD,36,57,1810
14,RD,74,61,1811
14,RD,74,64,1812
14,UK,2,nil,0
14,UK,2,nil,0
14,RD,75,52,1813
14,RD,74,53,1814
23,LK,2,nil,104
23,LK,2,nil,104
14,RD,74,55,1815
14,RD,75,52,1816
14,RD,74,53,1817
14,RD,74,55,1818
23,RD,101,58,1819
14,RD,36,57,1820
23,RD,101,60,1821
23,RD,101,61,1822
23,RD,101,64,1823
23,UK,2,nil,0
23,UK,2,nil,0
23,RD,102,52,1824
14,LK,2,nil,105
14,LK,2,nil,105
23,RD,101,53,1825
23,RD,101,55,1826
14,RD,74,58,1827
23,RD,36,57,1828
14,RD,74,60,1829
14,RD,74,61,1830
14,RD,74,64,1831
14,UK,2,nil,0
14,UK,2,nil,0
23,LK,2,nil,106
23,LK,2,nil,106
14,RD,75,52,1832
14,RD,74,53,1833
23,RD,101,58,1834
14,RD,74,55,1835
14,RD,75,52,1836
23,RD,101,60,1837
14,RD,74,53,1838
23,RD,101,61,1839
23,RD,101,64,1840
14,RD,74,55,1841
23,UK,2,nil,0
23,UK,2,nil,0
14,RD,36,57,1842
14,LK,2,nil,107
14,LK,2,nil,107
23,RD,102,52,1843
23,RD,101,53,1844
23,RD,101,55,1845
23,RD,102,52,1846
23,RD,101,53,1847
23,RD,101,55,1848
14,RD,74,58,1849
23,RD,36,57,1850
14,RD,74,60,1851
14,RD,74,61,1852
14,RD,74,64,1853
14,UK,2,nil,0
14,UK,2,nil,0
14,RD,75,52,1854
14,RD,74,53,1855
14,RD,74,55,1856
23,LK,2,nil,108
23,LK,2,nil,108
14,RD,22,56,1857
23,RD,101,58,1858
23,RD,101,60,1859
14,RD,36,57,1860
23,RD,101,61,1861
23,RD,101,64,1862
23,UK,2,nil,0
23,UK,2,nil,0
23,RD,102,52,1863
14,LK,2,nil,109
14,LK,2,nil,109
23,RD,101,53,1864
23,RD,101,55,1865
14,RD,74,58,1866
1,RD,32,43,1867
14,RD,74,60,1868
23,RD,102,52,1869
14,RD,74,61,1870
1,RD,33,45,1871
23,RD,101,53,1872
14,RD,22,62,1873
1,RD,31,46,1874
23,RD,101,55,1875
14,RD,74,64,1876
14,WR,22,65,1877
23,RD,36,57,1878
1,WR,103,47,1879
14,UK,2,nil,0
14,UK,2,nil,0
14,RD,75,52,1880
23,LK,2,nil,110
23,LK,2,nil,110
14,RD,74,53,1881
14,RD,74,55,1882
1,WR,104,48,1883
14,RD,23,56,1884
23,RD,101,58,1885
14,RD,75,52,1886
1,RD,104,49,1887
14,RD,74,53,1888
23,RD,101,60,1889
14,RD,23,54,1890
23,RD,101,61,1891
14,RD,74,55,1892
14,RD,24,56,1893
14,RD,36,57,1894
23,RD,101,64,1895
23,UK,2,nil,0
23,UK,2,nil,0
14,LK,2,nil,111
14,LK,2,nil,111
23,RD,102,52,1896
1,WR,105,50,1897
14,RD,74,58,1898
23,RD,101,53,1899
14,RD,23,59,1900
23,RD,101,55,1901
14,RD,74,60,1902
14,RD,74,61,1903
23,RD,10,56,1904
14,RD,24,62,1905
14,WR,23,63,1906
23,RD,102,52,1907
14,RD,74,64,1908
23,RD,101,53,1909
14,WR,24,65,1910
23,RD,10,54,1911
23,RD,101,55,1912
14,UK,2,nil,0
14,UK,2,nil,0
23,RD,102,52,1913
1,SIG,17200,nil,17200
24,WT,17200,nil,17200
23,RD,101,53,1914
23,RD,101,55,1915
23,RD,36,57,1916
14,RD,75,52,1917
14,RD,74,53,1918
23,LK,2,nil,112
23,LK,2,nil,112
14,RD,24,54,1919
23,RD,101,58,1920
14,RD,74,55,1921
23,RD,101,60,1922
14,RD,25,56,1923
23,RD,101,61,1924
14,RD,36,57,1925
23,RD,101,64,1926
23,UK,2,nil,0
23,UK,2,nil,0
23,RD,102,52,1927
14,LK,2,nil,113
14,LK,2,nil,113
23,RD,101,53,1928
14,RD,74,58,1929
23,RD,101,55,1930
14,RD,24,59,1931
14,RD,74,60,1932
23,RD,102,52,1933
14,RD,74,61,1934
14,RD,25,62,1935
23,RD,101,53,1936
14,WR,24,63,1937
23,RD,101,55,1938
14,RD,74,64,1939
14,WR,25,65,1940
23,RD,102,52,1941
14,UK,2,nil,0
14,UK,2,nil,0
23,RD,101,53,1942
23,RD,101,55,1943
23,RD,36,57,1944
14,RD,75,52,1945
23,LK,2,nil,114
23,LK,2,nil,114
23,RD,101,58,1946
23,RD,101,60,1947
23,RD,101,61,1948
23,RD,101,64,1949
23,UK,2,nil,0
23,UK,2,nil,0
23,RD,102,52,1950
23,RD,101,53,1951
23,RD,101,55,1952
19,LK,2,nil,115
19,LK,2,nil,115
24,RD,103,51,1953
19,RD,89,58,1954
24,RD,105,52,1955
24,RD,104,53,1956
24,RD,104,55,1957
24,RD,105,52,1958
19,RD,89,60,1959
24,RD,104,53,1960
19,RD,89,61,1961
24,RD,104,55,1962
23,RD,36,57,1963
19,RD,89,64,1964
24,RD,36,57,1965
19,UK,2,nil,0
19,UK,2,nil,0
19,RD,90,52,1966
23,LK,2,nil,116
23,LK,2,nil,116
19,RD,89,53,1967
19,RD,89,55,1968
19,RD,90,52,1969
23,RD,101,58,1970
19,RD,89,53,1971
23,RD,101,60,1972
19,RD,89,55,1973
23,RD,101,61,1974
23,RD,101,64,1975
19,RD,36,57,1976
23,UK,2,nil,0
23,UK,2,nil,0
23,RD,102,52,1977
19,LK,2,nil,117
19,LK,2,nil,117
23,RD,101,53,1978
23,RD,101,55,1979
19,RD,89,58,1980
23,RD,102,52,1981
19,RD,89,60,1982
19,RD,89,61,1983
23,RD,101,53,1984
23,RD,101,55,1985
19,RD,89,64,1986
23,RD,36,57,1987
19,UK,2,nil,0
19,UK,2,nil,0
19,RD,90,52,1988
23,LK,2,nil,118
23,LK,2,nil,118
19,RD,89,53,1989
19,RD,89,55,1990
23,RD,101,58,1991
19,RD,90,52,1992
23,RD,101,60,1993
19,RD,89,53,1994
23,RD,101,61,1995
19,RD,89,55,1996
23,RD,101,64,1997
19,RD,90,52,1998
19,RD,89,53,1999
23,UK,2,nil,0
23,UK,2,nil,0
19,RD,89,55,2000
23,RD,102,52,2001
19,RD,90,52,2002
23,RD,101,53,2003
19,RD,89,53,2004
23,RD,101,55,2005
19,RD,89,55,2006
16,LK,2,nil,119
16,LK,2,nil,119
19,RD,10,56,2007
23,RD,102,52,2008
23,RD,101,53,2009
19,RD,90,52,2010
23,RD,101,55,2011
19,RD,89,53,2012
23,RD,36,57,2013
16,RD,80,58,2014
19,RD,10,54,2015
19,RD,89,55,2016
16,RD,80,60,2017
19,RD,36,57,2018
16,RD,80,61,2019
16,RD,80,64,2020
16,UK,2,nil,0
16,UK,2,nil,0
16,RD,81,52,2021
19,LK,2,nil,120
19,LK,2,nil,120
16,RD,80,53,2022
16,RD,80,55,2023
19,RD,89,58,2024
1,RD,32,43,2025
16,RD,36,57,2026
1,RD,33,45,2027
19,RD,10,59,2028
1,RD,31,46,2029
19,RD,89,60,2030
19,RD,89,61,2031
19,WR,10,63,2032
1,WR,106,47,2033
1,WR,107,48,2034
1,RD,107,49,2035
1,WR,108,50,2036
19,RD,89,64,2037
19,UK,2,nil,0
19,UK,2,nil,0
1,SIG,324403,nil,324403
25,WT,324403,nil,324403
19,RD,90,52,2038
19,RD,89,53,2039
19,RD,89,55,2040
19,RD,90,52,2041
11,LK,2,nil,121
11,LK,2,nil,121
19,RD,89,53,2042
19,RD,89,55,2043
19,RD,90,52,2044
19,RD,89,53,2045
19,RD,89,55,2046
11,RD,65,58,2047
19,RD,36,57,2048
11,RD,65,60,2049
11,RD,65,61,2050
11,RD,65,64,2051
11,UK,2,nil,0
11,UK,2,nil,0
11,RD,66,52,2052
11,RD,65,53,2053
12,LK,2,nil,122
12,LK,2,nil,122
11,RD,65,55,2054
11,RD,66,52,2055
11,RD,65,53,2056
12,RD,68,58,2057
11,RD,65,55,2058
11,RD,66,52,2059
12,RD,68,60,2060
12,RD,68,61,2061
11,RD,65,53,2062
12,RD,68,64,2063
12,UK,2,nil,0
12,UK,2,nil,0
11,RD,65,55,2064
11,RD,66,52,2065
11,RD,65,53,2066
11,RD,65,55,2067
11,RD,36,57,2068
18,LK,2,nil,123
18,LK,2,nil,123
18,RD,86,58,2069
12,RD,69,52,2070
18,RD,86,60,2071
18,RD,86,61,2072
12,RD,68,53,2073
18,RD,86,64,2074
12,RD,68,55,2075
18,UK,2,nil,0
18,UK,2,nil,0
12,RD,69,52,2076
12,RD,68,53,2077
12,RD,68,55,2078
12,RD,36,57,2079
18,RD,87,52,2080
25,RD,106,51,2081
12,LK,2,nil,124
12,LK,2,nil,124
18,RD,86,53,2082
25,RD,108,52,2083
18,RD,86,55,2084
25,RD,107,53,2085
18,RD,87,52,2086
12,RD,68,58,2087
18,RD,86,53,2088
25,RD,107,55,2089
18,RD,86,55,2090
25,RD,36,57,2091
12,RD,68,60,2092
18,RD,36,57,2093
12,RD,68,61,2094
12,RD,68,64,2095
12,UK,2,nil,0
12,UK,2,nil,0
12,RD,69,52,2096
12,RD,68,53,2097
15,LK,2,nil,125
15,LK,2,nil,125
12,RD,68,55,2098
1,RD,32,43,2099
12,RD,36,57,2100
15,RD,77,58,2101
1,RD,33,45,2102
15,RD,77,60,2103
15,RD,77,61,2104
1,RD,31,46,2105
15,RD,77,64,2106
15,UK,2,nil,0
15,UK,2,nil,0
1,WR,109,47,2107
1,WR,110,48,2108
1,RD,110,49,2109
15,RD,78,52,2110
1,WR,111,50,2111
15,RD,77,53,2112
15,RD,77,55,2113
15,RD,78,52,2114
15,RD,77,53,2115
15,RD,77,55,2116
15,RD,78,52,2117
5,LK,2,nil,126
5,LK,2,nil,126
15,RD,77,53,2118
1,SIG,876513,nil,876513
26,WT,876513,nil,876513
15,RD,77,55,2119
5,RD,47,58,2120
15,RD,36,57,2121
5,RD,47,60,2122
5,RD,47,61,2123
5,RD,47,64,2124
5,UK,2,nil,0
5,UK,2,nil,0
5,RD,48,52,2125
5,RD,47,53,2126
15,LK,2,nil,127
15,LK,2,nil,127
5,RD,47,55,2127
5,RD,36,57,2128
15,RD,77,58,2129
15,RD,77,60,2130
15,RD,77,61,2131
15,RD,77,64,2132
15,UK,2,nil,0
15,UK,2,nil,0
15,RD,78,52,2133
15,RD,77,53,2134
15,RD,77,55,2135
15,RD,78,52,2136
15,RD,77,53,2137
15,RD,77,55,2138
15,RD,78,52,2139
15,RD,77,53,2140
15,RD,77,55,2141
15,RD,36,57,2142
5,LK,2,nil,128
5,LK,2,nil,128
5,RD,47,58,2143
5,RD,47,60,2144
5,RD,47,61,2145
5,RD,47,64,2146
5,UK,2,nil,0
5,UK,2,nil,0
5,RD,48,52,2147
5,RD,47,53,2148
15,LK,2,nil,129
15,LK,2,nil,129
5,RD,47,55,2149
5,RD,48,52,2150
5,RD,47,53,2151
5,RD,47,55,2152
15,RD,77,58,2153
5,RD,36,57,2154
15,RD,77,60,2155
15,RD,77,61,2156
15,RD,77,64,2157
15,UK,2,nil,0
15,UK,2,nil,0
15,RD,78,52,2158
15,RD,77,53,2159
15,RD,77,55,2160
2,LK,2,nil,130
2,LK,2,nil,130
15,RD,36,57,2161
2,RD,38,58,2162
2,RD,38,60,2163
2,RD,38,61,2164
2,RD,38,64,2165
2,UK,2,nil,0
2,UK,2,nil,0
2,RD,39,52,2166
15,LK,2,nil,131
15,LK,2,nil,131
2,RD,38,53,2167
15,RD,77,58,2168
15,RD,77,60,2169
2,RD,38,55,2170
15,RD,77,61,2171
2,RD,36,57,2172
15,RD,77,64,2173
15,UK,2,nil,0
15,UK,2,nil,0
15,RD,78,52,2174
15,RD,77,53,2175
15,RD,77,55,2176
2,LK,2,nil,132
2,LK,2,nil,132
15,RD,78,52,2177
15,RD,77,53,2178
15,RD,77,55,2179
2,RD,38,58,2180
15,RD,36,57,2181
2,RD,38,60,2182
2,RD,38,61,2183
2,RD,38,64,2184
2,UK,2,nil,0
2,UK,2,nil,0
2,RD,39,52,2185
2,RD,38,53,2186
2,RD,38,55,2187
2,RD,39,52,2188
17,LK,2,nil,133
17,LK,2,nil,133
2,RD,38,53,2189
2,RD,38,55,2190
2,RD,23,56,2191
17,RD,83,58,2192
2,RD,36,57,2193
17,RD,83,60,2194
17,RD,83,61,2195
17,RD,83,64,2196
17,UK,2,nil,0
17,UK,2,nil,0
17,RD,84,52,2197
17,RD,83,53,2198
17,RD,83,55,2199
17,RD,84,52,2200
4,LK,2,nil,134
4,LK,2,nil,134
17,RD,83,53,2201
17,RD,83,55,2202
17,RD,36,57,2203
4,RD,44,58,2204
4,RD,44,60,2205
4,RD,44,61,2206
4,RD,44,64,2207
4,UK,2,nil,0
4,UK,2,nil,0
17,LK,2,nil,135
17,LK,2,nil,135
4,RD,45,52,2208
4,RD,44,53,2209
17,RD,83,58,2210
4,RD,44,55,2211
17,RD,83,60,2212
4,RD,45,52,2213
17,RD,83,61,2214
4,RD,44,53,2215
17,RD,83,64,2216
26,RD,109,51,2217
17,UK,2,nil,0
17,UK,2,nil,0
4,RD,44,55,2218
26,RD,111,52,2219
26,RD,110,53,2220
4,RD,36,57,2221
17,RD,84,52,2222
26,RD,110,55,2223
4,LK,2,nil,136
4,LK,2,nil,136
17,RD,83,53,2224
26,RD,111,52,2225
4,RD,44,58,2226
26,RD,110,53,2227
17,RD,83,55,2228
4,RD,44,60,2229
17,RD,84,52,2230
4,RD,44,61,2231
17,RD,83,53,2232
4,RD,44,64,2233
26,RD,110,55,2234
17,RD,83,55,2235
4,UK,2,nil,0
4,UK,2,nil,0
17,RD,84,52,2236
17,RD,83,53,2237
26,RD,36,57,2238
17,RD,83,55,2239
17,RD,36,57,2240
26,LK,2,nil,137
26,LK,2,nil,137
26,RD,110,58,2241
4,RD,45,52,2242
26,RD,110,60,2243
26,RD,110,61,2244
4,RD,44,53,2245
26,RD,110,64,2246
1,RD,32,43,2247
26,UK,2,nil,0
26,UK,2,nil,0
4,RD,44,55,2248
4,RD,45,52,2249
4,RD,44,53,2250
1,UK,1,nil,0
1,UK,1,nil,0
4,RD,44,55,2251
26,RD,111,52,2252
4,RD,45,52,2253
26,RD,110,53,2254
4,RD,44,53,2255
26,RD,110,55,2256
4,RD,44,55,2257
2,LK,2,nil,138
2,LK,2,nil,138
4,RD,36,57,2258
26,RD,36,57,2259
2,RD,38,58,2260
1,RD,30,66,2261
2,RD,38,60,2262
2,RD,38,61,2263
1,LK,1,nil,139
1,LK,1,nil,139
2,RD,23,62,2264
2,RD,38,64,2265
2,WR,23,65,2266
2,UK,2,nil,0
2,UK,2,nil,0
1,RD,34,67,2267
1,RD,32,68,2268
1,RD,35,69,2269
2,RD,39,52,2270
2,RD,38,53,2271
2,RD,23,54,2272
2,RD,38,55,2273
15,LK,2,nil,140
15,LK,2,nil,140
2,RD,24,56,2274
1,RD,33,70,2275
2,RD,36,57,2276
15,RD,77,58,2277
15,RD,77,60,2278
15,RD,77,61,2279
15,RD,77,64,2280
15,UK,2,nil,0
15,UK,2,nil,0
15,RD,78,52,2281
15,RD,77,53,2282
15,RD,77,55,2283
5,LK,2,nil,141
5,LK,2,nil,141
15,RD,78,52,2284
15,RD,77,53,2285
1,RD,32,68,2286
15,RD,77,55,2287
5,RD,47,58,2288
1,RD,35,69,2289
5,RD,47,60,2290
15,RD,36,57,2291
5,RD,47,61,2292
1,RD,33,70,2293
5,RD,47,64,2294
5,UK,2,nil,0
5,UK,2,nil,0
1,RD,32,68,2295
15,LK,2,nil,142
15,LK,2,nil,142
5,RD,48,52,2296
1,RD,35,69,2297
5,RD,47,53,2298
15,RD,77,58,2299
5,RD,47,55,2300
1,RD,33,70,2301
15,RD,77,60,2302
5,RD,48,52,2303
15,RD,77,61,2304
5,RD,47,53,2305
15,RD,77,64,2306
5,RD,47,55,2307
15,UK,2,nil,0
15,UK,2,nil,0
1,RD,32,68,2308
5,RD,48,52,2309
5,RD,47,53,2310
1,RD,35,69,2311
5,RD,47,55,2312
5,RD,48,52,2313
1,RD,33,70,2314
5,RD,47,53,2315
5,RD,47,55,2316
5,RD,36,57,2317
15,RD,78,52,2318
5,LK,2,nil,143
5,LK,2,nil,143
1,RD,32,68,2319
15,RD,77,53,2320
5,RD,47,58,2321
1,RD,35,69,2322
5,RD,47,60,2323
15,RD,77,55,2324
1,RD,33,70,2325
15,RD,78,52,2326
5,RD,47,61,2327
15,RD,77,53,2328
5,RD,47,64,2329
15,RD,77,55,2330
5,UK,2,nil,0
5,UK,2,nil,0
1,RD,32,68,2331
15,RD,78,52,2332
15,RD,77,53,2333
1,RD,35,69,2334
15,RD,77,55,2335
1,RD,33,70,2336
15,RD,36,57,2337
15,LK,2,nil,144
15,LK,2,nil,144
5,RD,48,52,2338
1,RD,32,68,2339
5,RD,47,53,2340
15,RD,77,58,2341
1,RD,35,69,2342
5,RD,47,55,2343
15,RD,77,60,2344
1,RD,33,70,2345
15,RD,77,61,2346
5,RD,36,57,2347
15,RD,77,64,2348
15,UK,2,nil,0
15,UK,2,nil,0
1,RD,32,68,2349
15,RD,78,52,2350
1,RD,35,69,2351
15,RD,77,53,2352
5,LK,2,nil,145
5,LK,2,nil,145
1,RD,33,70,2353
15,RD,77,55,2354
5,RD,47,58,2355
15,RD,36,57,2356
5,RD,47,60,2357
1,RD,32,68,2358
5,RD,47,61,2359
1,RD,35,69,2360
5,RD,47,64,2361
1,RD,33,70,2362
5,UK,2,nil,0
5,UK,2,nil,0
1,RD,32,68,2363
1,RD,35,69,2364
5,RD,48,52,2365
1,RD,33,70,2366
5,RD,47,53,2367
5,RD,47,55,2368
1,RD,32,68,2369
5,RD,36,57,2370
1,RD,35,69,2371
1,RD,33,70,2372
12,LK,2,nil,146
12,LK,2,nil,146
12,RD,68,58,2373
1,RD,32,68,2374
12,RD,68,60,2375
1,RD,35,69,2376
12,RD,68,61,2377
1,RD,33,70,2378
12,RD,68,64,2379
12,UK,2,nil,0
12,UK,2,nil,0
1,RD,32,68,2380
1,RD,35,69,2381
1,RD,33,70,2382
12,RD,69,52,2383
12,RD,68,53,2384
12,RD,68,55,2385
1,RD,32,68,2386
25,LK,2,nil,147
25,LK,2,nil,147
1,RD,35,69,2387
12,RD,36,57,2388
1,RD,33,70,2389
25,RD,107,58,2390
1,RD,32,68,2391
25,RD,107,60,2392
25,RD,107,61,2393
1,RD,35,69,2394
25,RD,107,64,2395
1,RD,33,70,2396
25,UK,2,nil,0
25,UK,2,nil,0
1,RD,32,68,2397
1,RD,35,69,2398
1,RD,33,70,2399
25,RD,108,52,2400
1,RD,32,68,2401
25,RD,107,53,2402
18,LK,2,nil,148
18,LK,2,nil,148
25,RD,107,55,2403
1,RD,35,69,2404
25,RD,108,52,2405
25,RD,107,53,2406
1,RD,33,70,2407
25,RD,107,55,2408
18,RD,86,58,2409
25,RD,36,57,2410
18,RD,86,60,2411
1,RD,32,68,2412
1,RD,35,69,2413
18,RD,86,61,2414
1,RD,33,70,2415
18,RD,86,64,2416
18,UK,2,nil,0
18,UK,2,nil,0
18,RD,87,52,2417
18,RD,86,53,2418
18,RD,86,55,2419
25,LK,2,nil,149
25,LK,2,nil,149
1,RD,32,68,2420
18,RD,87,52,2421
18,RD,86,53,2422
1,RD,35,69,2423
25,RD,107,58,2424
18,RD,86,55,2425
1,RD,33,70,2426
18,RD,87,52,2427
25,RD,107,60,2428
18,RD,86,53,2429
25,RD,107,61,2430
18,RD,86,55,2431
25,RD,107,64,2432
18,RD,36,57,2433
25,UK,2,nil,0
25,UK,2,nil,0
1,RD,32,68,2434
25,RD,108,52,2435
18,LK,2,nil,150
18,LK,2,nil,150
25,RD,107,53,2436
1,RD,35,69,2437
25,RD,107,55,2438
18,RD,86,58,2439
25,RD,36,57,2440
18,RD,86,60,2441
1,RD,33,70,2442
18,RD,86,61,2443
18,RD,86,64,2444
18,UK,2,nil,0
18,UK,2,nil,0
1,RD,32,68,2445
18,RD,87,52,2446
25,LK,2,nil,151
25,LK,2,nil,151
18,RD,86,53,2447
1,RD,35,69,2448
18,RD,86,55,2449
1,RD,33,70,2450
25,RD,107,58,2451
18,RD,87,52,2452
25,RD,107,60,2453
18,RD,86,53,2454
25,RD,107,61,2455
18,RD,86,55,2456
25,RD,107,64,2457
1,RD,32,68,2458
18,RD,87,52,2459
25,UK,2,nil,0
25,UK,2,nil,0
18,RD,86,53,2460
18,RD,86,55,2461
1,RD,35,69,2462
18,RD,87,52,2463
18,RD,86,53,2464
1,RD,33,70,2465
18,RD,86,55,2466
18,RD,36,57,2467
18,LK,2,nil,152
18,LK,2,nil,152
25,RD,108,52,2468
1,RD,32,68,2469
18,RD,86,58,2470
25,RD,107,53,2471
18,RD,86,60,2472
1,RD,35,69,2473
18,RD,86,61,2474
25,RD,107,55,2475
1,RD,33,70,2476
18,RD,86,64,2477
25,RD,108,52,2478
18,UK,2,nil,0
18,UK,2,nil,0
25,RD,107,53,2479
25,RD,107,55,2480
1,RD,23,71,2481
25,RD,36,57,2482
25,LK,2,nil,153
25,LK,2,nil,153
18,RD,87,52,2483
25,RD,107,58,2484
25,RD,107,60,2485
18,RD,86,53,2486
25,RD,107,61,2487
25,RD,107,64,2488
18,RD,86,55,2489
25,UK,2,nil,0
25,UK,2,nil,0
18,RD,87,52,2490
18,RD,86,53,2491
18,RD,86,55,2492
18,RD,87,52,2493
18,RD,86,53,2494
25,RD,108,52,2495
11,LK,2,nil,154
11,LK,2,nil,154
25,RD,107,53,2496
18,RD,86,55,2497
25,RD,107,55,2498
25,RD,108,52,2499
18,RD,87,52,2500
11,RD,65,58,2501
18,RD,86,53,2502
11,RD,65,60,2503
25,RD,107,53,2504
11,RD,65,61,2505
25,RD,107,55,2506
25,RD,108,52,2507
18,RD,86,55,2508
11,RD,65,64,2509
25,RD,107,53,2510
11,UK,2,nil,0
11,UK,2,nil,0
25,RD,107,55,2511
18,RD,36,57,2512
25,RD,108,52,2513
18,LK,2,nil,155
18,LK,2,nil,155
25,RD,107,53,2514
25,RD,107,55,2515
11,RD,66,52,2516
18,RD,86,58,2517
11,RD,65,53,2518
25,RD,36,57,2519
18,RD,86,60,2520
11,RD,65,55,2521
18,RD,86,61,2522
11,RD,66,52,2523
11,RD,65,53,2524
18,RD,86,64,2525
11,RD,65,55,2526
18,UK,2,nil,0
18,UK,2,nil,0
11,RD,36,57,2527
18,RD,87,52,2528
25,LK,2,nil,156
25,LK,2,nil,156
18,RD,86,53,2529
18,RD,86,55,2530
25,RD,107,58,2531
18,RD,36,57,2532
25,RD,107,60,2533
25,RD,107,61,2534
25,RD,107,64,2535
25,UK,2,nil,0
25,UK,2,nil,0
25,RD,108,52,2536
25,RD,107,53,2537
18,LK,2,nil,157
18,LK,2,nil,157
25,RD,107,55,2538
25,RD,108,52,2539
25,RD,107,53,2540
25,RD,107,55,2541
25,RD,108,52,2542
18,RD,86,58,2543
25,RD,107,53,2544
25,RD,107,55,2545
18,RD,86,60,2546
25,RD,108,52,2547
25,RD,107,53,2548
18,RD,86,61,2549
25,RD,107,55,2550
18,RD,86,64,2551
25,RD,36,57,2552
18,UK,2,nil,0
18,UK,2,nil,0
25,LK,2,nil,158
25,LK,2,nil,158
18,RD,87,52,2553
25,RD,107,58,2554
18,RD,86,53,2555
25,RD,107,60,2556
25,RD,107,61,2557
18,RD,86,55,2558
25,RD,107,64,2559
18,RD,87,52,2560
25,UK,2,nil,0
25,UK,2,nil,0
18,RD,86,53,2561
18,RD,86,55,2562
18,RD,36,57,2563
18,LK,2,nil,159
18,LK,2,nil,159
25,RD,108,52,2564
25,RD,107,53,2565
25,RD,107,55,2566
18,RD,86,58,2567
25,RD,36,57,2568
18,RD,86,60,2569
18,RD,86,61,2570
18,RD,86,64,2571
18,UK,2,nil,0
18,UK,2,nil,0
18,RD,87,52,2572
19,LK,2,nil,160
19,LK,2,nil,160
18,RD,86,53,2573
19,RD,89,58,2574
18,RD,86,55,2575
19,RD,89,60,2576
19,RD,89,61,2577
19,RD,89,64,2578
18,RD,36,57,2579
19,UK,2,nil,0
19,UK,2,nil,0
19,RD,90,52,2580
19,RD,89,53,2581
19,RD,89,55,2582
18,LK,2,nil,161
18,LK,2,nil,161
19,RD,90,52,2583
19,RD,89,53,2584
19,RD,89,55,2585
18,RD,86,58,2586
19,RD,36,57,2587
18,RD,86,60,2588
18,RD,86,61,2589
18,RD,86,64,2590
18,UK,2,nil,0
18,UK,2,nil,0
19,LK,2,nil,162
19,LK,2,nil,162
18,RD,87,52,2591
19,RD,89,58,2592
18,RD,86,53,2593
19,RD,89,60,2594
18,RD,86,55,2595
19,RD,89,61,2596
18,RD,87,52,2597
19,RD,89,64,2598
18,RD,86,53,2599
19,UK,2,nil,0
19,UK,2,nil,0
18,RD,86,55,2600
18,RD,36,57,2601
18,LK,2,nil,163
18,LK,2,nil,163
19,RD,90,52,2602
19,RD,89,53,2603
19,RD,89,55,2604
18,RD,86,58,2605
19,RD,90,52,2606
19,RD,89,53,2607
19,RD,89,55,2608
18,RD,86,60,2609
19,RD,90,52,2610
19,RD,89,53,2611
19,RD,89,55,2612
18,RD,86,61,2613
19,RD,36,57,2614
18,RD,86,64,2615
18,UK,2,nil,0
18,UK,2,nil,0
19,LK,2,nil,164
19,LK,2,nil,164
18,RD,87,52,2616
19,RD,89,58,2617
18,RD,86,53,2618
19,RD,89,60,2619
19,RD,89,61,2620
18,RD,86,55,2621
19,RD,89,64,2622
19,UK,2,nil,0
19,UK,2,nil,0
18,RD,23,56,2623
18,RD,87,52,2624
18,RD,86,53,2625
18,RD,23,54,2626
19,RD,90,52,2627
18,RD,86,55,2628
19,RD,89,53,2629
16,LK,2,nil,165
16,LK,2,nil,165
19,RD,89,55,2630
18,RD,24,56,2631
19,RD,90,52,2632
16,RD,80,58,2633
19,RD,89,53,2634
18,RD,36,57,2635
19,RD,89,55,2636
19,RD,36,57,2637
16,RD,80,60,2638
16,RD,80,61,2639
16,RD,80,64,2640
16,UK,2,nil,0
16,UK,2,nil,0
16,RD,81,52,2641
16,RD,80,53,2642
19,LK,2,nil,166
19,LK,2,nil,166
16,RD,80,55,2643
19,RD,89,58,2644
16,RD,36,57,2645
19,RD,89,60,2646
19,RD,89,61,2647
19,RD,89,64,2648
19,UK,2,nil,0
19,UK,2,nil,0
19,RD,90,52,2649
16,LK,2,nil,167
16,LK,2,nil,167
19,RD,89,53,2650
16,RD,80,58,2651
19,RD,89,55,2652
16,RD,80,60,2653
19,RD,90,52,2654
16,RD,80,61,2655
19,RD,89,53,2656
16,RD,80,64,2657
19,RD,89,55,2658
16,UK,2,nil,0
16,UK,2,nil,0
19,RD,23,56,2659
19,RD,90,52,2660
19,RD,89,53,2661
19,RD,23,54,2662
19,RD,89,55,2663
19,RD,24,56,2664
19,RD,36,57,2665
19,LK,2,nil,168
19,LK,2,nil,168
16,RD,81,52,2666
19,RD,89,58,2667
16,RD,80,53,2668
19,RD,23,59,2669
16,RD,80,55,2670
19,RD,89,60,2671
16,RD,81,52,2672
19,RD,89,61,2673
16,RD,80,53,2674
19,RD,24,62,2675
16,RD,80,55,2676
19,WR,23,63,2677
16,RD,81,52,2678
16,RD,80,53,2679
16,RD,80,55,2680
16,RD,81,52,2681
16,RD,80,53,2682
16,RD,80,55,2683
16,RD,36,57,2684
1,RD,32,68,2685
1,RD,35,69,2686
1,RD,33,70,2687
19,RD,89,64,2688
1,RD,24,71,2689
19,WR,24,65,2690
1,RD,32,68,2691
1,RD,35,69,2692
19,UK,2,nil,0
19,UK,2,nil,0
1,RD,33,70,2693
1,RD,25,71,2694
19,RD,90,52,2695
1,RD,32,68,2696
19,RD,89,53,2697
1,RD,35,72,2698
19,RD,89,55,2699
23,LK,2,nil,169
23,LK,2,nil,169
19,RD,90,52,2700
23,RD,101,58,2701
23,RD,101,60,2702
23,RD,101,61,2703
23,RD,101,64,2704
23,UK,2,nil,0
23,UK,2,nil,0
23,RD,102,52,2705
23,RD,101,53,2706
23,RD,101,55,2707
1,UK,1,nil,0
1,UK,1,nil,0
23,RD,102,52,2708
1,RD,27,73,2709
23,RD,101,53,2710
23,RD,101,55,2711
24,LK,2,nil,170
24,LK,2,nil,170
23,RD,102,52,2712
23,RD,101,53,2713
24,RD,104,58,2714
23,RD,101,55,2715
23,RD,36,57,2716
24,RD,104,60,2717
24,RD,104,61,2718
24,RD,104,64,2719
24,UK,2,nil,0
24,UK,2,nil,0
24,RD,105,52,2720
24,RD,104,53,2721
24,RD,104,55,2722
20,LK,2,nil,171
20,LK,2,nil,171
20,RD,92,58,2723
24,RD,105,52,2724
20,RD,92,60,2725
20,RD,92,61,2726
24,RD,104,53,2727
20,RD,92,64,2728
24,RD,104,55,2729
20,UK,2,nil,0
20,UK,2,nil,0
24,RD,36,57,2730
24,LK,2,nil,172
24,LK,2,nil,172
24,RD,104,58,2731
24,RD,104,60,2732
20,RD,93,52,2733
24,RD,104,61,2734
20,RD,92,53,2735
24,RD,104,64,2736
20,RD,92,55,2737
24,UK,2,nil,0
24,UK,2,nil,0
20,RD,93,52,2738
20,RD,92,53,2739
20,RD,92,55,2740
20,RD,93,52,2741
20,RD,92,53,2742
20,RD,92,55,2743
24,RD,105,52,2744
20,RD,36,57,2745
24,RD,104,53,2746
8,LK,2,nil,173
8,LK,2,nil,173
24,RD,104,55,2747
24,RD,105,52,2748
24,RD,104,53,2749
24,RD,104,55,2750
8,RD,56,58,2751
24,RD,36,57,2752
8,RD,56,60,2753
8,RD,56,61,2754
8,RD,56,64,2755
8,UK,2,nil,0
8,UK,2,nil,0
8,RD,57,52,2756
13,LK,2,nil,174
13,LK,2,nil,174
8,RD,56,53,2757
13,RD,71,58,2758
8,RD,56,55,2759
13,RD,71,60,2760
8,RD,57,52,2761
8,RD,56,53,2762
8,RD,56,55,2763
13,RD,71,61,2764
13,RD,71,64,2765
8,RD,36,57,2766
13,UK,2,nil,0
13,UK,2,nil,0
8,LK,2,nil,175
8,LK,2,nil,175
13,RD,72,52,2767
8,RD,56,58,2768
13,RD,71,53,2769
8,RD,56,60,2770
13,RD,71,55,2771
13,RD,36,57,2772
8,RD,56,61,2773
8,RD,56,64,2774
8,UK,2,nil,0
8,UK,2,nil,0
8,RD,57,52,2775
13,LK,2,nil,176
13,LK,2,nil,176
8,RD,56,53,2776
8,RD,56,55,2777
13,RD,71,58,2778
8,RD,57,52,2779
8,RD,56,53,2780
8,RD,56,55,2781
13,RD,71,60,2782
8,RD,57,52,2783
13,RD,71,61,2784
13,RD,71,64,2785
13,UK,2,nil,0
13,UK,2,nil,0
13,RD,72,52,2786
13,RD,71,53,2787
9,LK,2,nil,177
9,LK,2,nil,177
13,RD,71,55,2788
13,RD,72,52,2789
9,RD,59,58,2790
13,RD,71,53,2791
9,RD,59,60,2792
13,RD,71,55,2793
9,RD,59,61,2794
13,RD,72,52,2795
9,RD,59,64,2796
13,RD,71,53,2797
9,UK,2,nil,0
9,UK,2,nil,0
13,RD,71,55,2798
9,RD,60,52,2799
9,RD,59,53,2800
13,RD,36,57,2801
9,RD,59,55,2802
22,LK,2,nil,178
22,LK,2,nil,178
22,RD,98,58,2803
9,RD,60,52,2804
22,RD,98,60,2805
9,RD,59,53,2806
22,RD,98,61,2807
9,RD,59,55,2808
9,RD,36,57,2809
22,RD,98,64,2810
22,UK,2,nil,0
22,UK,2,nil,0
22,RD,99,52,2811
22,RD,98,53,2812
22,RD,98,55,2813
7,LK,2,nil,179
7,LK,2,nil,179
22,RD,36,57,2814
7,RD,53,58,2815
7,RD,53,60,2816
7,RD,53,61,2817
7,RD,53,64,2818
7,UK,2,nil,0
7,UK,2,nil,0
7,RD,54,52,2819
6,LK,2,nil,180
6,LK,2,nil,180
7,RD,53,53,2820
7,RD,53,55,2821
6,RD,50,58,2822
7,RD,36,57,2823
6,RD,50,60,2824
6,RD,50,61,2825
6,RD,50,64,2826
6,UK,2,nil,0
6,UK,2,nil,0
6,RD,51,52,2827
6,RD,50,53,2828
6,RD,50,55,2829
10,LK,2,nil,181
10,LK,2,nil,181
6,RD,51,52,2830
6,RD,50,53,2831
6,RD,50,55,2832
10,RD,62,58,2833
6,RD,51,52,2834
10,RD,62,60,2835
6,RD,50,53,2836
10,RD,62,61,2837
6,RD,50,55,2838
10,RD,62,64,2839
6,RD,51,52,2840
10,UK,2,nil,0
10,UK,2,nil,0
10,RD,63,52,2841
21,LK,2,nil,182
21,LK,2,nil,182
10,RD,62,53,2842
10,RD,62,55,2843
10,RD,63,52,2844
10,RD,62,53,2845
10,RD,62,55,2846
21,RD,95,58,2847
10,RD,63,52,2848
10,RD,62,53,2849
10,RD,62,55,2850
10,RD,63,52,2851
10,RD,62,53,2852
10,RD,62,55,2853
10,RD,63,52,2854
21,RD,95,60,2855
21,RD,95,61,2856
21,RD,95,64,2857
21,UK,2,nil,0
21,UK,2,nil,0
21,RD,96,52,2858
21,RD,95,53,2859
21,RD,95,55,2860
3,LK,2,nil,183
3,LK,2,nil,183
21,RD,36,57,2861
3,RD,41,58,2862
3,RD,41,60,2863
3,RD,41,61,2864
3,RD,41,64,2865
3,UK,2,nil,0
3,UK,2,nil,0
3,RD,42,52,2866
3,RD,41,53,2867
21,LK,2,nil,184
21,LK,2,nil,184
3,RD,41,55,2868
21,RD,95,58,2869
3,RD,36,57,2870
21,RD,95,60,2871
21,RD,95,61,2872
21,RD,95,64,2873
21,UK,2,nil,0
21,UK,2,nil,0
21,RD,96,52,2874
21,RD,95,53,2875
21,RD,95,55,2876
21,RD,96,52,2877
7,LK,2,nil,185
7,LK,2,nil,185
21,RD,95,53,2878
7,RD,53,58,2879
21,RD,95,55,2880
7,RD,53,60,2881
21,RD,96,52,2882
7,RD,53,61,2883
7,RD,53,64,2884
21,RD,95,53,2885
7,UK,2,nil,0
7,UK,2,nil,0
21,RD,95,55,2886
21,RD,96,52,2887
21,RD,95,53,2888
21,RD,95,55,2889
22,LK,2,nil,186
22,LK,2,nil,186
21,RD,36,57,2890
22,RD,98,58,2891
22,RD,98,60,2892
22,RD,98,61,2893
22,RD,98,64,2894
22,UK,2,nil,0
22,UK,2,nil,0
7,RD,54,52,2895
21,LK,2,nil,187
21,LK,2,nil,187
7,RD,53,53,2896
7,RD,53,55,2897
21,RD,95,58,2898
21,RD,95,60,2899
22,RD,99,52,2900
22,RD,98,53,2901
7,RD,54,52,2902
22,RD,98,55,2903
7,RD,53,53,2904
21,RD,95,61,2905
22,RD,99,52,2906
7,RD,53,55,2907
22,RD,98,53,2908
21,RD,95,64,2909
7,RD,36,57,2910
22,RD,98,55,2911
21,UK,2,nil,0
21,UK,2,nil,0
22,RD,99,52,2912
22,RD,98,53,2913
22,RD,98,55,2914
22,RD,36,57,2915
21,RD,96,52,2916
7,LK,2,nil,188
7,LK,2,nil,188
21,RD,95,53,2917
21,RD,95,55,2918
7,RD,53,58,2919
21,RD,36,57,2920
7,RD,53,60,2921
7,RD,53,61,2922
7,RD,53,64,2923
7,UK,2,nil,0
7,UK,2,nil,0
7,RD,54,52,2924
7,RD,53,53,2925
7,RD,53,55,2926
7,RD,36,57,2927
7,LK,2,nil,189
7,LK,2,nil,189
7,RD,53,58,2928
7,RD,53,60,2929
7,RD,53,61,2930
7,RD,53,64,2931
7,UK,2,nil,0
7,UK,2,nil,0
7,RD,54,52,2932
7,RD,53,53,2933
7,RD,53,55,2934
7,RD,36,57,2935
7,LK,2,nil,190
7,LK,2,nil,190
7,RD,53,58,2936
7,RD,53,60,2937
7,RD,53,61,2938
7,RD,53,64,2939
7,UK,2,nil,0
7,UK,2,nil,0
7,RD,54,52,2940
7,RD,53,53,2941
7,RD,53,55,2942
7,RD,54,52,2943
7,RD,53,53,2944
7,RD,53,55,2945
7,RD,54,52,2946
7,RD,53,53,2947
7,RD,53,55,2948
7,RD,54,52,2949
9,LK,2,nil,191
9,LK,2,nil,191
9,RD,59,58,2950
9,RD,59,60,2951
9,RD,59,61,2952
9,RD,59,64,2953
9,UK,2,nil,0
9,UK,2,nil,0
9,RD,60,52,2954
9,RD,59,53,2955
9,RD,59,55,2956
13,LK,2,nil,192
13,LK,2,nil,192
9,RD,60,52,2957
9,RD,59,53,2958
9,RD,59,55,2959
13,RD,71,58,2960
9,RD,60,52,2961
9,RD,59,53,2962
13,RD,71,60,2963
9,RD,59,55,2964
13,RD,71,61,2965
9,RD,60,52,2966
13,RD,71,64,2967
13,UK,2,nil,0
13,UK,2,nil,0
13,RD,72,52,2968
13,RD,71,53,2969
13,RD,71,55,2970
13,RD,72,52,2971
13,RD,71,53,2972
24,LK,2,nil,193
24,LK,2,nil,193
24,RD,104,58,2973
13,RD,71,55,2974
24,RD,104,60,2975
24,RD,104,61,2976
24,RD,104,64,2977
13,RD,72,52,2978
24,UK,2,nil,0
24,UK,2,nil,0
13,RD,71,53,2979
13,RD,71,55,2980
13,RD,72,52,2981
13,RD,71,53,2982
13,RD,71,55,2983
24,RD,105,52,2984
24,RD,104,53,2985
24,RD,104,55,2986
13,RD,36,57,2987
24,RD,105,52,2988
20,LK,2,nil,194
20,LK,2,nil,194
20,RD,92,58,2989
24,RD,104,53,2990
20,RD,92,60,2991
20,RD,92,61,2992
24,RD,104,55,2993
20,RD,92,64,2994
24,RD,36,57,2995
20,UK,2,nil,0
20,UK,2,nil,0
20,RD,93,52,2996
20,RD,92,53,2997
20,RD,92,55,2998
20,RD,93,52,2999
24,LK,2,nil,195
24,LK,2,nil,195
20,RD,92,53,3000
20,RD,92,55,3001
24,RD,104,58,3002
24,RD,104,60,3003
24,RD,104,61,3004
20,RD,36,57,3005
24,RD,104,64,3006
24,UK,2,nil,0
24,UK,2,nil,0
24,RD,105,52,3007
20,LK,2,nil,196
20,LK,2,nil,196
24,RD,104,53,3008
24,RD,104,55,3009
20,RD,92,58,3010
20,RD,92,60,3011
24,RD,36,57,3012
20,RD,92,61,3013
20,RD,92,64,3014
20,UK,2,nil,0
20,UK,2,nil,0
20,RD,93,52,3015
24,LK,2,nil,197
24,LK,2,nil,197
20,RD,92,53,3016
20,RD,92,55,3017
24,RD,104,58,3018
20,RD,93,52,3019
24,RD,104,60,3020
20,RD,92,53,3021
24,RD,104,61,3022
24,RD,104,64,3023
24,UK,2,nil,0
24,UK,2,nil,0
20,RD,92,55,3024
20,RD,93,52,3025
20,RD,92,53,3026
20,RD,92,55,3027
20,RD,93,52,3028
24,RD,105,52,3029
24,RD,104,53,3030
20,RD,92,53,3031
20,RD,92,55,3032
20,RD,93,52,3033
20,RD,92,53,3034
20,RD,92,55,3035
23,LK,2,nil,198
23,LK,2,nil,198
24,RD,104,55,3036
20,RD,36,57,3037
24,RD,36,57,3038
23,RD,101,58,3039
23,RD,101,60,3040
23,RD,101,61,3041
23,RD,101,64,3042
23,UK,2,nil,0
23,UK,2,nil,0
23,RD,102,52,3043
23,RD,101,53,3044
16,LK,2,nil,199
16,LK,2,nil,199
23,RD,101,55,3045
16,RD,80,58,3046
16,RD,80,60,3047
23,RD,102,52,3048
16,RD,80,61,3049
23,RD,101,53,3050
16,RD,80,64,3051
23,RD,101,55,3052
16,UK,2,nil,0
16,UK,2,nil,0
23,RD,102,52,3053
16,RD,81,52,3054
16,RD,80,53,3055
18,LK,2,nil,200
18,LK,2,nil,200
16,RD,80,55,3056
16,RD,81,52,3057
18,RD,86,58,3058
16,RD,80,53,3059
18,RD,86,60,3060
16,RD,80,55,3061
18,RD,86,61,3062
18,RD,86,64,3063
18,UK,2,nil,0
18,UK,2,nil,0
16,RD,81,52,3064
16,RD,80,53,3065
25,LK,2,nil,201
25,LK,2,nil,201
18,RD,87,52,3066
25,RD,107,58,3067
16,RD,80,55,3068
18,RD,86,53,3069
25,RD,107,60,3070
25,RD,107,61,3071
18,RD,86,55,3072
16,RD,81,52,3073
25,RD,107,64,3074
16,RD,80,53,3075
25,UK,2,nil,0
25,UK,2,nil,0
18,RD,87,52,3076
16,RD,80,55,3077
16,RD,81,52,3078
16,RD,80,53,3079
25,RD,108,52,3080
16,RD,80,55,3081
25,RD,107,53,3082
16,RD,81,52,3083
25,RD,107,55,3084
11,LK,2,nil,202
11,LK,2,nil,202
25,RD,36,57,3085
11,RD,65,58,3086
11,RD,65,60,3087
11,RD,65,61,3088
16,RD,80,53,3089
11,RD,65,64,3090
11,UK,2,nil,0
11,UK,2,nil,0
16,RD,80,55,3091
16,RD,36,57,3092
11,RD,66,52,3093
11,RD,65,53,3094
11,RD,65,55,3095
11,RD,66,52,3096
11,RD,65,53,3097
16,LK,2,nil,203
16,LK,2,nil,203
11,RD,65,55,3098
16,RD,80,58,3099
16,RD,80,60,3100
11,RD,36,57,3101
16,RD,80,61,3102
16,RD,80,64,3103
16,UK,2,nil,0
16,UK,2,nil,0
16,RD,81,52,3104
16,RD,80,53,3105
16,RD,80,55,3106
16,RD,36,57,3107
16,LK,2,nil,204
16,LK,2,nil,204
16,RD,80,58,3108
16,RD,80,60,3109
16,RD,80,61,3110
16,RD,80,64,3111
16,UK,2,nil,0
16,UK,2,nil,0
16,RD,81,52,3112
16,RD,80,53,3113
16,RD,80,55,3114
16,RD,36,57,3115
16,LK,2,nil,205
16,LK,2,nil,205
16,RD,80,58,3116
16,RD,80,60,3117
16,RD,80,61,3118
16,RD,80,64,3119
16,UK,2,nil,0
16,UK,2,nil,0
16,RD,81,52,3120
16,RD,80,53,3121
16,RD,80,55,3122
16,RD,36,57,3123
16,LK,2,nil,206
16,LK,2,nil,206
16,RD,80,58,3124
16,RD,80,60,3125
16,RD,80,61,3126
16,RD,80,64,3127
16,UK,2,nil,0
16,UK,2,nil,0
16,RD,81,52,3128
16,RD,80,53,3129
16,RD,80,55,3130
16,RD,36,57,3131
16,LK,2,nil,207
16,LK,2,nil,207
16,RD,80,58,3132
16,RD,80,60,3133
16,RD,80,61,3134
16,RD,80,64,3135
16,UK,2,nil,0
16,UK,2,nil,0
16,RD,81,52,3136
16,RD,80,53,3137
16,RD,80,55,3138
16,RD,81,52,3139
16,RD,80,53,3140
16,RD,80,55,3141
16,RD,36,57,3142
16,LK,2,nil,208
16,LK,2,nil,208
16,RD,80,58,3143
16,RD,80,60,3144
16,RD,80,61,3145
16,RD,80,64,3146
16,UK,2,nil,0
16,UK,2,nil,0
16,RD,81,52,3147
16,RD,80,53,3148
16,RD,80,55,3149
16,RD,81,52,3150
16,RD,80,53,3151
16,RD,80,55,3152
16,RD,36,57,3153
16,LK,2,nil,209
16,LK,2,nil,209
16,RD,80,58,3154
16,RD,80,60,3155
16,RD,80,61,3156
16,RD,80,64,3157
16,UK,2,nil,0
16,UK,2,nil,0
16,RD,81,52,3158
16,RD,80,53,3159
16,RD,80,55,3160
16,RD,81,52,3161
12,LK,2,nil,210
12,LK,2,nil,210
12,RD,68,58,3162
12,RD,68,60,3163
12,RD,68,61,3164
12,RD,68,64,3165
12,UK,2,nil,0
12,UK,2,nil,0
12,RD,69,52,3166
12,RD,68,53,3167
12,RD,68,55,3168
5,LK,2,nil,211
5,LK,2,nil,211
12,RD,36,57,3169
5,RD,47,58,3170
5,RD,47,60,3171
5,RD,47,61,3172
5,RD,47,64,3173
5,UK,2,nil,0
5,UK,2,nil,0
5,RD,48,52,3174
5,RD,47,53,3175
12,LK,2,nil,212
12,LK,2,nil,212
5,RD,47,55,3176
12,RD,68,58,3177
12,RD,68,60,3178
5,RD,36,57,3179
12,RD,68,61,3180
12,RD,68,64,3181
12,UK,2,nil,0
12,UK,2,nil,0
12,RD,69,52,3182
15,LK,2,nil,213
15,LK,2,nil,213
12,RD,68,53,3183
12,RD,68,55,3184
15,RD,77,58,3185
12,RD,69,52,3186
12,RD,68,53,3187
15,RD,77,60,3188
12,RD,68,55,3189
15,RD,77,61,3190
12,RD,69,52,3191
15,RD,77,64,3192
15,UK,2,nil,0
15,UK,2,nil,0
15,RD,78,52,3193
15,RD,77,53,3194
2,LK,2,nil,214
2,LK,2,nil,214
15,RD,77,55,3195
15,RD,78,52,3196
2,RD,38,58,3197
15,RD,77,53,3198
2,RD,38,60,3199
2,RD,38,61,3200
15,RD,77,55,3201
2,RD,38,64,3202
2,UK,2,nil,0
2,UK,2,nil,0
15,RD,78,52,3203
15,RD,77,53,3204
15,RD,77,55,3205
15,RD,78,52,3206
2,RD,39,52,3207
4,LK,2,nil,215
4,LK,2,nil,215
2,RD,38,53,3208
2,RD,38,55,3209
2,RD,39,52,3210
4,RD,44,58,3211
4,RD,44,60,3212
4,RD,44,61,3213
4,RD,44,64,3214
4,UK,2,nil,0
4,UK,2,nil,0
4,RD,45,52,3215
4,RD,44,53,3216
26,LK,2,nil,216
26,LK,2,nil,216
26,RD,110,58,3217
26,RD,110,60,3218
26,RD,110,61,3219
26,RD,110,64,3220
26,UK,2,nil,0
26,UK,2,nil,0
26,RD,111,52,3221
26,RD,110,53,3222
26,RD,110,55,3223
17,LK,2,nil,217
17,LK,2,nil,217
26,RD,111,52,3224
26,RD,110,53,3225
26,RD,110,55,3226
17,RD,83,58,3227
26,RD,36,57,3228
17,RD,83,60,3229
17,RD,83,61,3230
17,RD,83,64,3231
17,UK,2,nil,0
17,UK,2,nil,0
17,RD,84,52,3232
17,RD,83,53,3233
26,LK,2,nil,218
26,LK,2,nil,218
17,RD,83,55,3234
26,RD,110,58,3235
26,RD,110,60,3236
17,RD,84,52,3237
17,RD,83,53,3238
4,RD,44,55,3239
17,RD,83,55,3240
4,RD,45,52,3241
4,RD,44,53,3242
17,RD,36,57,3243
4,RD,44,55,3244
4,RD,45,52,3245
4,RD,44,53,3246
26,RD,110,61,3247
26,RD,110,64,3248
26,UK,2,nil,0
26,UK,2,nil,0
26,RD,111,52,3249
26,RD,110,53,3250
26,RD,110,55,3251
26,RD,111,52,3252
5,LK,2,nil,219
5,LK,2,nil,219
26,RD,110,53,3253
5,RD,47,58,3254
26,RD,110,55,3255
5,RD,47,60,3256
26,RD,36,57,3257
5,RD,47,61,3258
5,RD,47,64,3259
5,UK,2,nil,0
5,UK,2,nil,0
5,RD,48,52,3260
5,RD,47,53,3261
26,LK,2,nil,220
26,LK,2,nil,220
5,RD,47,55,3262
5,RD,48,52,3263
26,RD,110,58,3264
26,RD,110,60,3265
26,RD,110,61,3266
5,RD,47,53,3267
26,RD,110,64,3268
5,RD,47,55,3269
26,UK,2,nil,0
26,UK,2,nil,0
5,RD,48,52,3270
26,RD,111,52,3271
11,LK,2,nil,221
11,LK,2,nil,221
4,RD,44,55,3272
4,RD,45,52,3273
11,RD,65,58,3274
4,RD,44,53,3275
11,RD,65,60,3276
11,RD,65,61,3277
11,RD,65,64,3278
4,RD,44,55,3279
26,RD,110,53,3280
11,UK,2,nil,0
11,UK,2,nil,0
26,RD,110,55,3281
26,RD,111,52,3282
4,RD,36,57,3283
26,RD,110,53,3284
26,RD,110,55,3285
4,LK,2,nil,222
4,LK,2,nil,222
11,RD,66,52,3286
26,RD,36,57,3287
11,RD,65,53,3288
11,RD,65,55,3289
4,RD,44,58,3290
11,RD,66,52,3291
4,RD,44,60,3292
4,RD,44,61,3293
4,RD,44,64,3294
4,UK,2,nil,0
4,UK,2,nil,0
4,RD,45,52,3295
25,LK,2,nil,223
25,LK,2,nil,223
4,RD,44,53,3296
4,RD,44,55,3297
25,RD,107,58,3298
4,RD,45,52,3299
4,RD,44,53,3300
25,RD,107,60,3301
4,RD,44,55,3302
25,RD,107,61,3303
25,RD,107,64,3304
25,UK,2,nil,0
25,UK,2,nil,0
4,RD,36,57,3305
4,LK,2,nil,224
4,LK,2,nil,224
25,RD,108,52,3306
4,RD,44,58,3307
4,RD,44,60,3308
4,RD,44,61,3309
4,RD,44,64,3310
25,RD,107,53,3311
4,UK,2,nil,0
4,UK,2,nil,0
25,RD,107,55,3312
25,RD,108,52,3313
25,RD,107,53,3314
25,RD,107,55,3315
25,RD,36,57,3316
4,RD,45,52,3317
24,LK,2,nil,225
24,LK,2,nil,225
4,RD,44,53,3318
4,RD,44,55,3319
24,RD,104,58,3320
4,RD,36,57,3321
24,RD,104,60,3322
24,RD,104,61,3323
24,RD,104,64,3324
24,UK,2,nil,0
24,UK,2,nil,0
20,LK,2,nil,226
20,LK,2,nil,226
24,RD,105,52,3325
24,RD,104,53,3326
20,RD,92,58,3327
24,RD,104,55,3328
20,RD,92,60,3329
24,RD,105,52,3330
20,RD,92,61,3331
24,RD,104,53,3332
20,RD,92,64,3333
20,UK,2,nil,0
20,UK,2,nil,0
13,LK,2,nil,227
13,LK,2,nil,227
24,RD,104,55,3334
13,RD,71,58,3335
13,RD,71,60,3336
24,RD,105,52,3337
13,RD,71,61,3338
20,RD,93,52,3339
24,RD,104,53,3340
13,RD,71,64,3341
24,RD,104,55,3342
13,UK,2,nil,0
13,UK,2,nil,0
24,RD,105,52,3343
20,RD,92,53,3344
24,RD,104,53,3345
24,RD,104,55,3346
20,RD,92,55,3347
20,RD,93,52,3348
21,LK,2,nil,228
21,LK,2,nil,228
20,RD,92,53,3349
20,RD,92,55,3350
21,RD,95,58,3351
24,RD,36,57,3352
20,RD,36,57,3353
21,RD,95,60,3354
21,RD,95,61,3355
21,RD,95,64,3356
21,UK,2,nil,0
21,UK,2,nil,0
21,RD,96,52,3357
21,RD,95,53,3358
21,RD,95,55,3359
21,RD,96,52,3360
21,RD,95,53,3361
22,LK,2,nil,229
22,LK,2,nil,229
21,RD,95,55,3362
21,RD,36,57,3363
22,RD,98,58,3364
22,RD,98,60,3365
22,RD,98,61,3366
22,RD,98,64,3367
22,UK,2,nil,0
22,UK,2,nil,0
13,RD,72,52,3368
13,RD,71,53,3369
13,RD,71,55,3370
13,RD,72,52,3371
22,RD,99,52,3372
13,RD,71,53,3373
22,RD,98,53,3374
22,RD,98,55,3375
13,RD,71,55,3376
3,LK,2,nil,230
3,LK,2,nil,230
22,RD,99,52,3377
13,RD,36,57,3378
22,RD,98,53,3379
3,RD,41,58,3380
22,RD,98,55,3381
3,RD,41,60,3382
22,RD,36,57,3383
3,RD,41,61,3384
3,RD,41,64,3385
3,UK,2,nil,0
3,UK,2,nil,0
3,RD,42,52,3386
22,LK,2,nil,231
22,LK,2,nil,231
3,RD,41,53,3387
3,RD,41,55,3388
3,RD,42,52,3389
22,RD,98,58,3390
3,RD,41,53,3391
3,RD,41,55,3392
22,RD,98,60,3393
22,RD,98,61,3394
3,RD,36,57,3395
22,RD,98,64,3396
22,UK,2,nil,0
22,UK,2,nil,0
22,RD,99,52,3397
22,RD,98,53,3398
3,LK,2,nil,232
3,LK,2,nil,232
22,RD,98,55,3399
22,RD,99,52,3400
3,RD,41,58,3401
22,RD,98,53,3402
22,RD,98,55,3403
3,RD,41,60,3404
22,RD,36,57,3405
3,RD,41,61,3406
3,RD,41,64,3407
3,UK,2,nil,0
3,UK,2,nil,0
3,RD,42,52,3408
22,LK,2,nil,233
22,LK,2,nil,233
3,RD,41,53,3409
22,RD,98,58,3410
3,RD,41,55,3411
3,RD,36,57,3412
22,RD,98,60,3413
22,RD,98,61,3414
22,RD,98,64,3415
22,UK,2,nil,0
22,UK,2,nil,0
22,RD,99,52,3416
22,RD,98,53,3417
3,LK,2,nil,234
3,LK,2,nil,234
22,RD,98,55,3418
22,RD,99,52,3419
22,RD,98,53,3420
3,RD,41,58,3421
22,RD,98,55,3422
22,RD,99,52,3423
3,RD,41,60,3424
22,RD,98,53,3425
3,RD,41,61,3426
22,RD,98,55,3427
22,RD,99,52,3428
3,RD,41,64,3429
22,RD,98,53,3430
22,RD,98,55,3431
3,UK,2,nil,0
3,UK,2,nil,0
22,RD,36,57,3432
22,LK,2,nil,235
22,LK,2,nil,235
22,RD,98,58,3433
22,RD,98,60,3434
22,RD,98,61,3435
22,RD,98,64,3436
3,RD,42,52,3437
22,UK,2,nil,0
22,UK,2,nil,0
3,RD,41,53,3438
13,LK,2,nil,236
13,LK,2,nil,236
22,RD,99,52,3439
13,RD,71,58,3440
3,RD,41,55,3441
13,RD,71,60,3442
13,RD,71,61,3443
22,RD,98,53,3444
3,RD,42,52,3445
13,RD,71,64,3446
22,RD,98,55,3447
13,UK,2,nil,0
13,UK,2,nil,0
3,RD,41,53,3448
22,RD,99,52,3449
3,RD,41,55,3450
3,RD,36,57,3451
22,RD,98,53,3452
13,RD,72,52,3453
3,LK,2,nil,237
3,LK,2,nil,237
22,RD,98,55,3454
13,RD,71,53,3455
3,RD,41,58,3456
13,RD,71,55,3457
22,RD,36,57,3458
3,RD,41,60,3459
3,RD,41,61,3460
13,RD,72,52,3461
3,RD,41,64,3462
13,RD,71,53,3463
3,UK,2,nil,0
3,UK,2,nil,0
13,RD,71,55,3464
13,RD,72,52,3465
13,RD,71,53,3466
13,RD,71,55,3467
13,RD,72,52,3468
3,RD,42,52,3469
13,RD,71,53,3470
3,RD,41,53,3471
3,RD,41,55,3472
13,RD,71,55,3473
3,RD,42,52,3474
3,RD,41,53,3475
3,RD,41,55,3476
21,LK,2,nil,238
21,LK,2,nil,238
3,RD,42,52,3477
13,RD,36,57,3478
3,RD,41,53,3479
3,RD,41,55,3480
21,RD,95,58,3481
3,RD,36,57,3482
21,RD,95,60,3483
21,RD,95,61,3484
21,RD,95,64,3485
21,UK,2,nil,0
21,UK,2,nil,0
21,RD,96,52,3486
21,RD,95,53,3487
21,RD,95,55,3488
13,LK,2,nil,239
13,LK,2,nil,239
21,RD,36,57,3489
13,RD,71,58,3490
13,RD,71,60,3491
13,RD,71,61,3492
13,RD,71,64,3493
13,UK,2,nil,0
13,UK,2,nil,0
13,RD,72,52,3494
24,LK,2,nil,240
24,LK,2,nil,240
13,RD,71,53,3495
13,RD,71,55,3496
24,RD,104,58,3497
24,RD,104,60,3498
13,RD,36,57,3499
24,RD,104,61,3500
24,RD,104,64,3501
24,UK,2,nil,0
24,UK,2,nil,0
24,RD,105,52,3502
24,RD,104,53,3503
24,RD,104,55,3504
24,RD,105,52,3505
24,RD,104,53,3506
24,RD,104,55,3507
13,LK,2,nil,241
13,LK,2,nil,241
24,RD,36,57,3508
13,RD,71,58,3509
13,RD,71,60,3510
13,RD,71,61,3511
13,RD,71,64,3512
13,UK,2,nil,0
13,UK,2,nil,0
13,RD,72,52,3513
13,RD,71,53,3514
13,RD,71,55,3515
20,LK,2,nil,242
20,LK,2,nil,242
13,RD,72,52,3516
20,RD,92,58,3517
20,RD,92,60,3518
20,RD,92,61,3519
20,RD,92,64,3520
20,UK,2,nil,0
20,UK,2,nil,0
20,RD,93,52,3521
20,RD,92,53,3522
25,LK,2,nil,243
25,LK,2,nil,243
25,RD,107,58,3523
20,RD,92,55,3524
25,RD,107,60,3525
25,RD,107,61,3526
20,RD,93,52,3527
20,RD,92,53,3528
25,RD,107,64,3529
20,RD,92,55,3530
25,UK,2,nil,0
25,UK,2,nil,0
20,RD,93,52,3531
20,RD,92,53,3532
20,RD,92,55,3533
20,RD,93,52,3534
20,RD,92,53,3535
20,RD,92,55,3536
20,RD,36,57,3537
20,LK,2,nil,244
20,LK,2,nil,244
25,RD,108,52,3538
25,RD,107,53,3539
25,RD,107,55,3540
20,RD,92,58,3541
25,RD,108,52,3542
20,RD,92,60,3543
25,RD,107,53,3544
20,RD,92,61,3545
25,RD,107,55,3546
20,RD,92,64,3547
25,RD,108,52,3548
20,UK,2,nil,0
20,UK,2,nil,0
25,RD,107,53,3549
25,RD,107,55,3550
25,RD,108,52,3551
25,RD,107,53,3552
25,RD,107,55,3553
20,RD,93,52,3554
25,RD,108,52,3555
25,RD,107,53,3556
20,RD,92,53,3557
25,RD,107,55,3558
20,RD,92,55,3559
25,RD,108,52,3560
20,RD,93,52,3561
4,LK,2,nil,245
4,LK,2,nil,245
25,RD,107,53,3562
20,RD,92,53,3563
25,RD,107,55,3564
20,RD,92,55,3565
25,RD,108,52,3566
4,RD,44,58,3567
20,RD,93,52,3568
4,RD,44,60,3569
4,RD,44,61,3570
4,RD,44,64,3571
4,UK,2,nil,0
4,UK,2,nil,0
4,RD,45,52,3572
4,RD,44,53,3573
4,RD,44,55,3574
4,RD,45,52,3575
26,LK,2,nil,246
26,LK,2,nil,246
4,RD,44,53,3576
4,RD,44,55,3577
26,RD,110,58,3578
4,RD,45,52,3579
4,RD,44,53,3580
26,RD,110,60,3581
4,RD,44,55,3582
26,RD,110,61,3583
26,RD,110,64,3584
26,UK,2,nil,0
26,UK,2,nil,0
4,RD,45,52,3585
4,RD,44,53,3586
4,RD,44,55,3587
4,RD,45,52,3588
4,RD,44,53,3589
4,RD,44,55,3590
17,LK,2,nil,247
17,LK,2,nil,247
4,RD,45,52,3591
4,RD,44,53,3592
17,RD,83,58,3593
4,RD,44,55,3594
17,RD,83,60,3595
4,RD,45,52,3596
17,RD,83,61,3597
17,RD,83,64,3598
17,UK,2,nil,0
17,UK,2,nil,0
17,RD,84,52,3599
17,RD,83,53,3600
17,RD,83,55,3601
17,RD,84,52,3602
24,LK,2,nil,248
24,LK,2,nil,248
17,RD,83,53,3603
17,RD,83,55,3604
17,RD,36,57,3605
26,RD,111,52,3606
26,RD,110,53,3607
26,RD,110,55,3608
26,RD,111,52,3609
24,RD,104,58,3610
26,RD,110,53,3611
26,RD,110,55,3612
24,RD,104,60,3613
24,RD,104,61,3614
26,RD,36,57,3615
24,RD,104,64,3616
24,UK,2,nil,0
24,UK,2,nil,0
26,LK,2,nil,249
26,LK,2,nil,249
24,RD,105,52,3617
26,RD,110,58,3618
24,RD,104,53,3619
26,RD,110,60,3620
26,RD,110,61,3621
24,RD,104,55,3622
26,RD,110,64,3623
24,RD,36,57,3624
26,UK,2,nil,0
26,UK,2,nil,0
24,LK,2,nil,250
24,LK,2,nil,250
26,RD,111,52,3625
26,RD,110,53,3626
24,RD,104,58,3627
26,RD,110,55,3628
26,RD,36,57,3629
24,RD,104,60,3630
24,RD,104,61,3631
24,RD,104,64,3632
24,UK,2,nil,0
24,UK,2,nil,0
24,RD,105,52,3633
24,RD,104,53,3634
24,RD,104,55,3635
21,LK,2,nil,251
21,LK,2,nil,251
24,RD,36,57,3636
21,RD,95,58,3637
21,RD,95,60,3638
21,RD,95,61,3639
21,RD,95,64,3640
21,UK,2,nil,0
21,UK,2,nil,0
21,RD,96,52,3641
3,LK,2,nil,252
3,LK,2,nil,252
21,RD,95,53,3642
21,RD,95,55,3643
21,RD,96,52,3644
3,RD,41,58,3645
21,RD,95,53,3646
3,RD,41,60,3647
21,RD,95,55,3648
3,RD,41,61,3649
21,RD,96,52,3650
3,RD,41,64,3651
21,RD,95,53,3652
3,UK,2,nil,0
3,UK,2,nil,0
21,RD,95,55,3653
21,RD,36,57,3654
3,RD,42,52,3655
22,LK,2,nil,253
22,LK,2,nil,253
3,RD,41,53,3656
3,RD,41,55,3657
22,RD,98,58,3658
3,RD,42,52,3659
3,RD,41,53,3660
22,RD,98,60,3661
3,RD,41,55,3662
22,RD,98,61,3663
22,RD,98,64,3664
22,UK,2,nil,0
22,UK,2,nil,0
3,RD,36,57,3665
22,RD,99,52,3666
3,LK,2,nil,254
3,LK,2,nil,254
22,RD,98,53,3667
22,RD,98,55,3668
3,RD,41,58,3669
22,RD,99,52,3670
3,RD,41,60,3671
22,RD,98,53,3672
3,RD,41,61,3673
22,RD,98,55,3674
3,RD,41,64,3675
22,RD,36,57,3676
3,UK,2,nil,0
3,UK,2,nil,0
3,RD,42,52,3677
22,LK,2,nil,255
22,LK,2,nil,255
3,RD,41,53,3678
3,RD,41,55,3679
3,RD,42,52,3680
22,RD,98,58,3681
3,RD,41,53,3682
22,RD,98,60,3683
3,RD,41,55,3684
22,RD,98,61,3685
3,RD,42,52,3686
22,RD,98,64,3687
3,RD,41,53,3688
22,UK,2,nil,0
22,UK,2,nil,0
3,RD,41,55,3689
3,RD,42,52,3690
3,RD,41,53,3691
3,RD,41,55,3692
3,RD,42,52,3693
3,RD,41,53,3694
3,RD,41,55,3695
22,RD,99,52,3696
3,RD,42,52,3697
3,RD,41,53,3698
22,RD,98,53,3699
3,RD,41,55,3700
22,RD,98,55,3701
3,RD,42,52,3702
22,RD,99,52,3703
22,RD,98,53,3704
21,LK,2,nil,256
21,LK,2,nil,256
22,RD,98,55,3705
22,RD,99,52,3706
22,RD,98,53,3707
21,RD,95,58,3708
22,RD,98,55,3709
22,RD,99,52,3710
21,RD,95,60,3711
22,RD,98,53,3712
21,RD,95,61,3713
21,RD,95,64,3714
22,RD,98,55,3715
21,UK,2,nil,0
21,UK,2,nil,0
22,RD,99,52,3716
21,RD,96,52,3717
21,RD,95,53,3718
22,RD,98,53,3719
21,RD,95,55,3720
22,RD,98,55,3721
22,RD,99,52,3722
22,RD,98,53,3723
22,RD,98,55,3724
22,RD,99,52,3725
21,RD,36,57,3726
21,LK,2,nil,257
21,LK,2,nil,257
21,RD,95,58,3727
21,RD,95,60,3728
21,RD,95,61,3729
21,RD,95,64,3730
21,UK,2,nil,0
21,UK,2,nil,0
21,RD,96,52,3731
21,RD,95,53,3732
21,RD,95,55,3733
21,RD,96,52,3734
21,RD,95,53,3735
21,RD,95,55,3736
21,RD,96,52,3737
21,RD,95,53,3738
21,RD,95,55,3739
21,RD,36,57,3740
21,LK,2,nil,258
21,LK,2,nil,258
21,RD,95,58,3741
21,RD,95,60,3742
21,RD,95,61,3743
21,RD,95,64,3744
21,UK,2,nil,0
21,UK,2,nil,0
21,RD,96,52,3745
21,RD,95,53,3746
24,LK,2,nil,259
24,LK,2,nil,259
24,RD,104,58,3747
24,RD,104,60,3748
24,RD,104,61,3749
24,RD,104,64,3750
24,UK,2,nil,0
24,UK,2,nil,0
21,RD,95,55,3751
21,RD,96,52,3752
21,RD,95,53,3753
21,RD,95,55,3754
21,RD,96,52,3755
21,RD,95,53,3756
21,RD,95,55,3757
21,RD,96,52,3758
21,RD,95,53,3759
24,RD,105,52,3760
24,RD,104,53,3761
24,RD,104,55,3762
24,RD,105,52,3763
21,RD,95,55,3764
26,LK,2,nil,260
26,LK,2,nil,260
24,RD,104,53,3765
21,RD,96,52,3766
21,RD,95,53,3767
24,RD,104,55,3768
21,RD,95,55,3769
24,RD,105,52,3770
24,RD,104,53,3771
21,RD,96,52,3772
24,RD,104,55,3773
21,RD,95,53,3774
24,RD,105,52,3775
26,RD,110,58,3776
24,RD,104,53,3777
21,RD,95,55,3778
26,RD,110,60,3779
24,RD,104,55,3780
21,RD,96,52,3781
26,RD,110,61,3782
24,RD,105,52,3783
24,RD,104,53,3784
26,RD,110,64,3785
26,UK,2,nil,0
26,UK,2,nil,0
24,RD,104,55,3786
24,RD,105,52,3787
24,RD,104,53,3788
24,RD,104,55,3789
24,RD,105,52,3790
26,RD,111,52,3791
26,RD,110,53,3792
26,RD,110,55,3793
26,RD,111,52,3794
17,LK,2,nil,261
17,LK,2,nil,261
26,RD,110,53,3795
17,RD,83,58,3796
17,RD,83,60,3797
26,RD,110,55,3798
17,RD,83,61,3799
17,RD,83,64,3800
17,UK,2,nil,0
17,UK,2,nil,0
26,RD,36,57,3801
17,RD,84,52,3802
17,RD,83,53,3803
17,RD,83,55,3804
17,RD,36,57,3805
26,LK,2,nil,262
26,LK,2,nil,262
26,RD,110,58,3806
26,RD,110,60,3807
26,RD,110,61,3808
26,RD,110,64,3809
26,UK,2,nil,0
26,UK,2,nil,0
26,RD,111,52,3810
26,RD,110,53,3811
26,RD,110,55,3812
26,RD,111,52,3813
26,RD,110,53,3814
26,RD,110,55,3815
26,RD,111,52,3816
26,RD,110,53,3817
26,RD,110,55,3818
26,RD,111,52,3819
26,RD,110,53,3820
17,LK,2,nil,263
17,LK,2,nil,263
26,RD,110,55,3821
26,RD,36,57,3822
17,RD,83,58,3823
17,RD,83,60,3824
17,RD,83,61,3825
17,RD,83,64,3826
17,UK,2,nil,0
17,UK,2,nil,0
17,RD,84,52,3827
17,RD,83,53,3828
17,RD,83,55,3829
17,RD,36,57,3830
26,LK,2,nil,264
26,LK,2,nil,264
26,RD,110,58,3831
26,RD,110,60,3832
26,RD,110,61,3833
26,RD,110,64,3834
26,UK,2,nil,0
26,UK,2,nil,0
26,RD,111,52,3835
26,RD,110,53,3836
26,RD,110,55,3837
26,RD,111,52,3838
26,RD,110,53,3839
26,RD,110,55,3840
26,RD,111,52,3841
26,RD,110,53,3842
26,RD,110,55,3843
26,RD,111,52,3844
26,RD,110,53,3845
26,RD,110,55,3846
26,RD,111,52,3847
17,LK,2,nil,265
17,LK,2,nil,265
26,RD,110,53,3848
26,RD,110,55,3849
26,RD,111,52,3850
26,RD,110,53,3851
26,RD,110,55,3852
17,RD,83,58,3853
26,RD,111,52,3854
17,RD,83,60,3855
17,RD,83,61,3856
17,RD,83,64,3857
17,UK,2,nil,0
17,UK,2,nil,0
17,RD,84,52,3858
17,RD,83,53,3859
17,RD,83,55,3860
17,RD,84,52,3861
17,RD,83,53,3862
17,RD,83,55,3863
17,RD,84,52,3864
17,RD,83,53,3865
17,RD,83,55,3866
17,RD,84,52,3867
17,RD,83,53,3868
17,RD,83,55,3869
17,RD,36,57,3870
17,LK,2,nil,266
17,LK,2,nil,266
17,RD,83,58,3871
17,RD,83,60,3872
17,RD,83,61,3873
17,RD,83,64,3874
17,UK,2,nil,0
17,UK,2,nil,0
17,RD,84,52,3875
17,RD,83,53,3876
17,RD,83,55,3877
17,RD,84,52,3878
17,RD,83,53,3879
17,RD,83,55,3880
17,RD,84,52,3881
17,RD,83,53,3882
17,RD,83,55,3883
17,RD,84,52,3884
17,RD,83,53,3885
17,RD,83,55,3886
17,RD,84,52,3887
17,RD,83,53,3888
17,RD,83,55,3889
17,RD,84,52,3890
17,RD,83,53,3891
17,RD,83,55,3892
17,RD,84,52,3893
17,RD,83,53,3894
17,RD,83,55,3895
17,RD,84,52,3896
