Airlinetickets.java:54:69,17
Airlinetickets.java:29:45,9
Airlinetickets.java:76:169,28
Airlinetickets.java:82:236,31
Airlinetickets.java:130:24,3
Airlinetickets.java:129:19,2
Airlinetickets.java:23:23,8
Airlinetickets.java:38:0,10
Airlinetickets.java:116:0,23
Airlinetickets.java:56:88,19
Airlinetickets.java:12:1,1
Airlinetickets.java:116:5,24
Airlinetickets.java:38:10,12
Airlinetickets.java:46:38,15
Airlinetickets.java:119:19,27
Airlinetickets.java:14:6,6
Airlinetickets.java:21:11,7
Airlinetickets.java:38:3,11
Airlinetickets.java:44:14,13
Airlinetickets.java:132:31,4
Airlinetickets.java:61:90,20
Airlinetickets.java:132:34,5
Airlinetickets.java:70:112,22
Airlinetickets.java:88:3,32
Airlinetickets.java:56:76,18
Airlinetickets.java:76:175,29
Airlinetickets.java:70:108,21
Airlinetickets.java:118:8,25
Airlinetickets.java:46:49,16
Airlinetickets.java:44:20,14
Airlinetickets.java:118:11,26
Airlinetickets.java:81:199,30
