MSort.java:205:101,70
MergeSort.java:27:17,3
MergeSort.java:27:18,4
MergeSort.java:41:375,60
MSort.java:41:5,92
MergeSort.java:41:255,40
MergeSort.java:41:135,20
MSort.java:41:0,91
MSort.java:231:17,79
MSort.java:236:44,80
MSort.java:215:43,83
MSort.java:215:44,84
MSort.java:49:29,88
MergeSort.java:41:267,42
MergeSort.java:41:147,22
MergeSort.java:24:14,2
MergeSort.java:41:261,41
MergeSort.java:41:141,21
MergeSort.java:41:309,49
MSort.java:213:17,82
MSort.java:251:118,93
MergeSort.java:41:303,48
MSort.java:213:16,81
MSort.java:49:18,87
MSort.java:330:79,96
MSort.java:48:3,86
MSort.java:48:0,85
MergeSort.java:41:279,44
MSort.java:120:17,71
MergeSort.java:41:273,43
MergeSort.java:41:153,23
MSort.java:330:80,97
MSort.java:267:171,100
MergeSort.java:41:159,24
MergeSort.java:41:315,50
MSort.java:125:48,76
MSort.java:102:1,77
MSort.java:109:11,90
MSort.java:125:42,75
MergeSort.java:23:9,1
MergeSort.java:41:321,51
MergeSort.java:41:201,31
MergeSort.java:41:285,45
MergeSort.java:41:165,25
MergeSort.java:41:207,32
MergeSort.java:41:327,52
MSort.java:347:150,99
MergeSort.java:28:23,5
MergeSort.java:28:24,6
MergeSort.java:36:44,8
MergeSort.java:41:291,46
MergeSort.java:41:171,26
MergeSort.java:41:85,11
MergeSort.java:41:177,27
MergeSort.java:41:333,53
MergeSort.java:41:213,33
MSort.java:204:88,68
MergeSort.java:41:297,47
MSort.java:202:63,66
MSort.java:328:65,94
MergeSort.java:41:339,54
MergeSort.java:41:219,34
MSort.java:328:69,95
MergeSort.java:41:80,10
MergeSort.java:42:384,61
MergeSort.java:38:58,9
MSort.java:121:22,72
MergeSort.java:41:183,28
MSort.java:347:149,98
MergeSort.java:41:100,14
MergeSort.java:41:189,29
MergeSort.java:41:95,13
MergeSort.java:41:345,55
MSort.java:204:78,67
MSort.java:195:20,62
MergeSort.java:41:225,35
MergeSort.java:41:105,15
MergeSort.java:41:90,12
MSort.java:195:24,63
MSort.java:197:40,65
MergeSort.java:41:111,16
MergeSort.java:41:195,30
MSort.java:226:1,78
MergeSort.java:41:351,56
MergeSort.java:41:231,36
MergeSort.java:41:357,57
MergeSort.java:41:237,37
MSort.java:108:6,89
MergeSort.java:41:117,17
MSort.java:197:31,64
MSort.java:124:35,74
MergeSort.java:34:30,7
MergeSort.java:41:243,38
MergeSort.java:41:123,18
MSort.java:124:29,73
MergeSort.java:41:363,58
MergeSort.java:41:369,59
MSort.java:204:92,69
MergeSort.java:41:249,39
MergeSort.java:41:129,19
