BankAccount.java:21:29,12
Account.java:52:85,29
BankAccount.java:41:38,20
Account.java:51:75,27
Account.java:68:139,31
BankAccount.java:27:34,13
Account.java:40:32,14
BankAccount.java:38:1,18
Account.java:23:6,3
BankAccount.java:38:7,19
Account.java:96:11,24
Account.java:67:132,30
BankAccount.java:15:11,10
Account.java:96:6,23
BankAccount.java:18:3,8
BankAccount.java:12:6,9
Account.java:39:14,6
Account.java:46:51,15
Account.java:47:61,17
Account.java:68:144,33
BankAccount.java:21:19,11
Account.java:19:12,2
Account.java:97:19,26
Account.java:68:143,32
Account.java:97:14,25
Account.java:40:20,7
Account.java:47:57,16
Account.java:36:7,5
Account.java:96:0,21
Account.java:96:4,22
Account.java:13:1,1
Account.java:36:1,4
Account.java:52:81,28
