SyncWriter.java:33:59,41
SyncWriter.java:27:1,27
Checker.java:21:11,9
BufWriter.java:54:170,17
SyncWriter.java:32:46,37
Checker.java:43:40,56
SyncWriter.java:34:66,43
SyncWriter.java:32:42,36
SyncWriter.java:33:54,40
SyncWriter.java:29:7,28
SyncWriter.java:32:49,38
BufWriter.java:83:272,45
Checker.java:17:1,49
Checker.java:43:37,55
Checker.java:15:1,7
SyncWriter.java:34:71,44
BufWriter.java:36:68,10
SyncWriter.java:18:2,47
Buffer.java:23:18,5
BufWriter.java:84:283,46
Buffer.java:21:6,3
BufWriter.java:18:9,1
SyncWriter.java:16:6,14
Checker.java:68:1,52
SyncWriter.java:21:11,15
Buffer.java:24:23,6
Checker.java:42:15,54
Checker.java:20:6,8
Checker.java:26:0,18
SyncWriter.java:31:13,29
Buffer.java:22:11,4
Checker.java:28:7,19
Checker.java:42:12,53
SyncWriter.java:31:19,31
BufWriter.java:19:14,2
SyncWriter.java:31:16,30
Checker.java:30:26,24
BufWriter.java:87:308,48
SyncWriter.java:22:15,16
SyncWriter.java:32:36,34
SyncWriter.java:31:22,32
SyncWriter.java:32:33,33
Checker.java:30:19,22
BufWriter.java:44:113,13
Checker.java:30:15,21
SyncWriter.java:32:39,35
Checker.java:30:22,23
Checker.java:31:34,26
Checker.java:31:30,25
SyncWriter.java:34:62,42
BufWriter.java:73:243,20
SyncWriter.java:33:50,39
Checker.java:42:1,50
BufWriter.java:43:99,12
BufWriter.java:42:85,11
Checker.java:42:4,51
